[2026-05-12T14:16:55.296+0100][0.004s][info] Using Parallel
[2026-05-12T14:16:55.296+0100][0.004s][info] Version: 17.0.16+8-LTS (release)
[2026-05-12T14:16:55.296+0100][0.004s][info] CPUs: 12 total, 12 available
[2026-05-12T14:16:55.296+0100][0.004s][info] Memory: 24576M
[2026-05-12T14:16:55.296+0100][0.004s][info] Large Page Support: Disabled
[2026-05-12T14:16:55.296+0100][0.004s][info] NUMA Support: Disabled
[2026-05-12T14:16:55.296+0100][0.004s][info] Compressed Oops: Enabled (Zero based)
[2026-05-12T14:16:55.296+0100][0.004s][info] Alignments: Space 512K, Generation 512K, Heap 8M
[2026-05-12T14:16:55.296+0100][0.004s][info] Heap Min Capacity: 512M
[2026-05-12T14:16:55.296+0100][0.004s][info] Heap Initial Capacity: 512M
[2026-05-12T14:16:55.296+0100][0.004s][info] Heap Max Capacity: 2G
[2026-05-12T14:16:55.296+0100][0.004s][info] Pre-touch: Disabled
[2026-05-12T14:16:55.296+0100][0.004s][info] Parallel Workers: 6
[2026-05-12T14:16:55.299+0100][0.007s][info] CDS archive(s) mapped at: [0x0000007800000000-0x0000007800bc0000-0x0000007800bc0000), size 12320768, SharedBaseAddress: 0x0000007800000000, ArchiveRelocationMode: 1.
[2026-05-12T14:16:55.299+0100][0.007s][info] Compressed class space mapped at: 0x0000007801000000-0x0000007841000000, reserved size: 1073741824
[2026-05-12T14:16:55.299+0100][0.007s][info] Narrow klass base: 0x0000007800000000, Narrow klass shift: 0, Narrow klass range: 0x100000000
[2026-05-12T14:16:55.318+0100][0.026s][info] Heap
[2026-05-12T14:16:55.318+0100][0.026s][info]  PSYoungGen      total 153088K, used 7895K [0x00000007d5580000, 0x00000007e0000000, 0x0000000800000000)
[2026-05-12T14:16:55.318+0100][0.026s][info]   eden space 131584K, 6% used [0x00000007d5580000,0x00000007d5d35d28,0x00000007dd600000)
[2026-05-12T14:16:55.318+0100][0.026s][info]   from space 21504K, 0% used [0x00000007deb00000,0x00000007deb00000,0x00000007e0000000)
[2026-05-12T14:16:55.318+0100][0.026s][info]   to   space 21504K, 0% used [0x00000007dd600000,0x00000007dd600000,0x00000007deb00000)
[2026-05-12T14:16:55.318+0100][0.026s][info]  ParOldGen       total 349696K, used 0K [0x0000000780000000, 0x0000000795580000, 0x00000007d5580000)
[2026-05-12T14:16:55.318+0100][0.026s][info]   object space 349696K, 0% used [0x0000000780000000,0x0000000780000000,0x0000000795580000)
[2026-05-12T14:16:55.318+0100][0.026s][info]  Metaspace       used 484K, committed 512K, reserved 1114112K
[2026-05-12T14:16:55.318+0100][0.026s][info]   class space    used 41K, committed 64K, reserved 1048576K
