2026.04.29 18:55:38 INFO  Started: Metals version 1.6.7 in folders '/Users/leonardocosta/Desktop/ISEP/2SEM/SISMD/StarterCode' for client Visual Studio Code 1.104.0.
2026.04.29 18:55:38 INFO  Memory monitor started
2026.04.29 18:55:38 WARN  Using H2 2.4.240 which is newer than the version Flyway has been verified with. The latest verified version of H2 is 2.3.232.
2026.04.29 18:55:38 INFO  no build target found for /Users/leonardocosta/Desktop/ISEP/2SEM/SISMD/StarterCode/src/Filters.java. Using fallback presentation compiler.
2026.04.29 18:55:38 WARN  no build tool detected in workspace '/Users/leonardocosta/Desktop/ISEP/2SEM/SISMD/StarterCode'. The most common cause for this problem is that the editor was opened in the wrong working directory, for example if you use sbt then the workspace directory should contain build.sbt. 
2026.04.29 18:55:38 WARN  Build server is not auto-connectable.
2026.04.29 18:55:38 WARN  no build target for: /Users/leonardocosta/Desktop/ISEP/2SEM/SISMD/StarterCode/src/ApplyFilters.java
2026.04.29 18:55:38 WARN  no build target for: /Users/leonardocosta/Desktop/ISEP/2SEM/SISMD/StarterCode/src/Filters.java
2026.04.29 18:55:38 INFO  no build target found for /Users/leonardocosta/Desktop/ISEP/2SEM/SISMD/StarterCode/src/Filters.java. Using fallback presentation compiler.
2026.04.29 18:55:43 INFO  no build target found for /Users/leonardocosta/Desktop/ISEP/2SEM/SISMD/StarterCode/src/Filters.java. Using fallback presentation compiler.
2026.04.29 18:55:43 WARN  no build target for: /Users/leonardocosta/Desktop/ISEP/2SEM/SISMD/StarterCode/src/Utils.java
2026.04.29 18:55:43 INFO  no build target found for /Users/leonardocosta/Desktop/ISEP/2SEM/SISMD/StarterCode/src/Utils.java. Using fallback presentation compiler.
2026.04.29 18:55:43 INFO  no build target found for /Users/leonardocosta/Desktop/ISEP/2SEM/SISMD/StarterCode/src/Utils.java. Using fallback presentation compiler.
2026.04.29 18:55:44 INFO  no build target found for /Users/leonardocosta/Desktop/ISEP/2SEM/SISMD/StarterCode/src/Utils.java. Using fallback presentation compiler.
2026.04.29 18:55:49 WARN  no build target for: /Users/leonardocosta/Desktop/ISEP/2SEM/SISMD/StarterCode/src/ApplyFilters.java
2026.04.29 18:55:49 INFO  no build target found for /Users/leonardocosta/Desktop/ISEP/2SEM/SISMD/StarterCode/src/ApplyFilters.java. Using fallback presentation compiler.
2026.04.29 18:55:49 INFO  no build target found for /Users/leonardocosta/Desktop/ISEP/2SEM/SISMD/StarterCode/src/ApplyFilters.java. Using fallback presentation compiler.
2026.04.29 18:55:51 INFO  no build target found for /Users/leonardocosta/Desktop/ISEP/2SEM/SISMD/StarterCode/src/ApplyFilters.java. Using fallback presentation compiler.
Apr 29, 2026 7:07:20 PM org.eclipse.lsp4j.jsonrpc.services.GenericEndpoint notify
INFO: Unsupported notification method: $/setTrace
2026.04.29 19:08:10 WARN  no build target for: /Users/leonardocosta/Desktop/ISEP/2SEM/SISMD/StarterCode/src/Filters.java
2026.04.29 19:08:10 INFO  no build target found for /Users/leonardocosta/Desktop/ISEP/2SEM/SISMD/StarterCode/src/Filters.java. Using fallback presentation compiler.
2026.04.29 19:08:10 INFO  no build target found for /Users/leonardocosta/Desktop/ISEP/2SEM/SISMD/StarterCode/src/Filters.java. Using fallback presentation compiler.
2026.04.29 19:08:11 INFO  no build target found for /Users/leonardocosta/Desktop/ISEP/2SEM/SISMD/StarterCode/src/Filters.java. Using fallback presentation compiler.
2026.04.29 19:08:11 INFO  no build target found for /Users/leonardocosta/Desktop/ISEP/2SEM/SISMD/StarterCode/src/Filters.java. Using fallback presentation compiler.
2026.04.29 19:08:14 INFO  no build target found for /Users/leonardocosta/Desktop/ISEP/2SEM/SISMD/StarterCode/src/Filters.java. Using fallback presentation compiler.
Apr 29, 2026 7:08:21 PM org.eclipse.lsp4j.jsonrpc.services.GenericEndpoint notify
INFO: Unsupported notification method: $/setTrace
Apr 29, 2026 7:08:21 PM org.eclipse.lsp4j.jsonrpc.services.GenericEndpoint notify
INFO: Unsupported notification method: $/setTrace
2026.04.29 19:08:22 INFO  no build target found for /Users/leonardocosta/Desktop/ISEP/2SEM/SISMD/StarterCode/src/Filters.java. Using fallback presentation compiler.
2026.04.29 19:08:26 WARN  no build target for: /Users/leonardocosta/Desktop/ISEP/2SEM/SISMD/StarterCode/src/Utils.java
2026.04.29 19:08:26 INFO  no build target found for /Users/leonardocosta/Desktop/ISEP/2SEM/SISMD/StarterCode/src/Utils.java. Using fallback presentation compiler.
2026.04.29 19:08:26 INFO  no build target found for /Users/leonardocosta/Desktop/ISEP/2SEM/SISMD/StarterCode/src/Utils.java. Using fallback presentation compiler.
2026.04.29 19:08:31 INFO  no build target found for /Users/leonardocosta/Desktop/ISEP/2SEM/SISMD/StarterCode/src/Utils.java. Using fallback presentation compiler.
2026.04.29 19:08:33 WARN  no build target for: /Users/leonardocosta/Desktop/ISEP/2SEM/SISMD/StarterCode/src/ApplyFilters.java
2026.04.29 19:08:33 INFO  no build target found for /Users/leonardocosta/Desktop/ISEP/2SEM/SISMD/StarterCode/src/ApplyFilters.java. Using fallback presentation compiler.
2026.04.29 19:08:33 INFO  no build target found for /Users/leonardocosta/Desktop/ISEP/2SEM/SISMD/StarterCode/src/ApplyFilters.java. Using fallback presentation compiler.
2026.04.29 19:08:33 INFO  no build target found for /Users/leonardocosta/Desktop/ISEP/2SEM/SISMD/StarterCode/src/ApplyFilters.java. Using fallback presentation compiler.
2026.04.29 19:09:10 WARN  no build target for: /Users/leonardocosta/Desktop/ISEP/2SEM/SISMD/StarterCode/src/Filters.java
2026.04.29 19:09:10 INFO  no build target found for /Users/leonardocosta/Desktop/ISEP/2SEM/SISMD/StarterCode/src/Filters.java. Using fallback presentation compiler.
2026.04.29 19:09:11 INFO  no build target found for /Users/leonardocosta/Desktop/ISEP/2SEM/SISMD/StarterCode/src/Filters.java. Using fallback presentation compiler.
2026.04.29 19:09:12 WARN  no build target for: /Users/leonardocosta/Desktop/ISEP/2SEM/SISMD/StarterCode/src/Utils.java
2026.04.29 19:09:12 INFO  no build target found for /Users/leonardocosta/Desktop/ISEP/2SEM/SISMD/StarterCode/src/Utils.java. Using fallback presentation compiler.
2026.04.29 19:09:12 INFO  no build target found for /Users/leonardocosta/Desktop/ISEP/2SEM/SISMD/StarterCode/src/Utils.java. Using fallback presentation compiler.
2026.04.29 19:09:13 WARN  no build target for: /Users/leonardocosta/Desktop/ISEP/2SEM/SISMD/StarterCode/src/ApplyFilters.java
2026.04.29 19:09:13 INFO  no build target found for /Users/leonardocosta/Desktop/ISEP/2SEM/SISMD/StarterCode/src/ApplyFilters.java. Using fallback presentation compiler.
2026.04.29 19:09:13 INFO  no build target found for /Users/leonardocosta/Desktop/ISEP/2SEM/SISMD/StarterCode/src/ApplyFilters.java. Using fallback presentation compiler.
2026.04.29 19:09:13 INFO  no build target found for /Users/leonardocosta/Desktop/ISEP/2SEM/SISMD/StarterCode/src/ApplyFilters.java. Using fallback presentation compiler.
2026.04.29 19:09:29 INFO  no build target found for /Users/leonardocosta/Desktop/ISEP/2SEM/SISMD/StarterCode/src/ApplyFilters.java. Using fallback presentation compiler.
2026.04.29 19:10:26 INFO  Shutting down server
2026.04.29 19:10:26 INFO  Memory monitor stopped
2026.04.29 19:10:26 INFO  shutting down Metals
2026.04.29 19:10:26 INFO  Exiting server
2026.04.29 19:15:37 INFO  Started: Metals version 1.6.7 in folders '/Users/leonardocosta/Desktop/ISEP/2SEM/SISMD/Project1_SISMD' for client Visual Studio Code 1.104.0.
2026.04.29 19:15:37 INFO  Memory monitor started
2026.04.29 19:15:41 WARN  Using H2 2.4.240 which is newer than the version Flyway has been verified with. The latest verified version of H2 is 2.3.232.
2026.04.29 19:15:41 INFO  no build target found for /Users/leonardocosta/Desktop/ISEP/2SEM/SISMD/Project1_SISMD/src/ApplyFilters.java. Using fallback presentation compiler.
Apr 29, 2026 7:15:41 PM org.eclipse.lsp4j.jsonrpc.RemoteEndpoint handleCancellation
WARNING: Unmatched cancel notification for request id 2
2026.04.29 19:15:41 INFO  no build target found for /Users/leonardocosta/Desktop/ISEP/2SEM/SISMD/Project1_SISMD/src/ApplyFilters.java. Using fallback presentation compiler.
2026.04.29 19:15:41 INFO  no build target found for /Users/leonardocosta/Desktop/ISEP/2SEM/SISMD/Project1_SISMD/src/ApplyFilters.java. Using fallback presentation compiler.
2026.04.29 19:15:41 INFO  no build target found for /Users/leonardocosta/Desktop/ISEP/2SEM/SISMD/Project1_SISMD/src/ApplyFilters.java. Using fallback presentation compiler.
2026.04.29 19:15:41 WARN  no build tool detected in workspace '/Users/leonardocosta/Desktop/ISEP/2SEM/SISMD/Project1_SISMD'. The most common cause for this problem is that the editor was opened in the wrong working directory, for example if you use sbt then the workspace directory should contain build.sbt. 
2026.04.29 19:15:41 WARN  Build server is not auto-connectable.
2026.04.29 19:15:41 INFO  no build target found for /Users/leonardocosta/Desktop/ISEP/2SEM/SISMD/Project1_SISMD/src/ApplyFilters.java. Using fallback presentation compiler.
2026.04.29 19:15:41 WARN  no build target for: /Users/leonardocosta/Desktop/ISEP/2SEM/SISMD/Project1_SISMD/src/ApplyFilters.java
2026.04.29 19:15:41 INFO  no build target found for /Users/leonardocosta/Desktop/ISEP/2SEM/SISMD/Project1_SISMD/src/ApplyFilters.java. Using fallback presentation compiler.
Apr 29, 2026 7:15:41 PM org.eclipse.lsp4j.jsonrpc.RemoteEndpoint handleCancellation
WARNING: Unmatched cancel notification for request id 9
Apr 29, 2026 7:15:41 PM org.eclipse.lsp4j.jsonrpc.RemoteEndpoint handleCancellation
WARNING: Unmatched cancel notification for request id 10
Apr 29, 2026 7:15:41 PM org.eclipse.lsp4j.jsonrpc.RemoteEndpoint handleCancellation
WARNING: Unmatched cancel notification for request id 3
Apr 29, 2026 7:15:41 PM org.eclipse.lsp4j.jsonrpc.RemoteEndpoint handleCancellation
WARNING: Unmatched cancel notification for request id 11
2026.04.29 19:15:41 INFO  no build target found for /Users/leonardocosta/Desktop/ISEP/2SEM/SISMD/Project1_SISMD/src/ApplyFilters.java. Using fallback presentation compiler.
2026.04.29 19:15:41 INFO  no build target found for /Users/leonardocosta/Desktop/ISEP/2SEM/SISMD/Project1_SISMD/src/ApplyFilters.java. Using fallback presentation compiler.
2026.04.29 19:15:41 INFO  no build target found for /Users/leonardocosta/Desktop/ISEP/2SEM/SISMD/Project1_SISMD/src/ApplyFilters.java. Using fallback presentation compiler.
Apr 29, 2026 7:15:42 PM org.eclipse.lsp4j.jsonrpc.services.GenericEndpoint notify
INFO: Unsupported notification method: $/setTrace
Apr 29, 2026 7:15:42 PM org.eclipse.lsp4j.jsonrpc.services.GenericEndpoint notify
INFO: Unsupported notification method: $/setTrace
2026.04.29 19:16:09 INFO  no build target found for /Users/leonardocosta/Desktop/ISEP/2SEM/SISMD/Project1_SISMD/src/ApplyFilters.java. Using fallback presentation compiler.
2026.04.29 20:48:16 WARN  no build target for: /Users/leonardocosta/Desktop/ISEP/2SEM/SISMD/Project1_SISMD/src/ApplyFilters.java
2026.04.29 20:48:16 INFO  no build target found for /Users/leonardocosta/Desktop/ISEP/2SEM/SISMD/Project1_SISMD/src/ApplyFilters.java. Using fallback presentation compiler.
2026.04.29 20:48:16 INFO  no build target found for /Users/leonardocosta/Desktop/ISEP/2SEM/SISMD/Project1_SISMD/src/ApplyFilters.java. Using fallback presentation compiler.
2026.04.29 20:48:16 INFO  no build target found for /Users/leonardocosta/Desktop/ISEP/2SEM/SISMD/Project1_SISMD/src/ApplyFilters.java. Using fallback presentation compiler.
2026.04.29 20:48:17 INFO  no build target found for /Users/leonardocosta/Desktop/ISEP/2SEM/SISMD/Project1_SISMD/src/ApplyFilters.java. Using fallback presentation compiler.
2026.04.29 20:48:36 INFO  Shutting down server
2026.04.29 20:48:36 INFO  Memory monitor stopped
2026.04.29 20:48:36 INFO  shutting down Metals
2026.04.29 20:48:36 INFO  Exiting server
2026.04.30 11:23:43 INFO  Started: Metals version 1.6.7 in folders '/Users/leonardocosta/Desktop/ISEP/2SEM/SISMD/Project1_SISMD' for client Visual Studio Code 1.104.0.
2026.04.30 11:23:43 INFO  Memory monitor started
2026.04.30 11:23:43 WARN  Using H2 2.4.240 which is newer than the version Flyway has been verified with. The latest verified version of H2 is 2.3.232.
2026.04.30 11:23:43 INFO  no build target found for /Users/leonardocosta/Desktop/ISEP/2SEM/SISMD/Project1_SISMD/src/ApplyFilters.java. Using fallback presentation compiler.
2026.04.30 11:23:44 WARN  no build tool detected in workspace '/Users/leonardocosta/Desktop/ISEP/2SEM/SISMD/Project1_SISMD'. The most common cause for this problem is that the editor was opened in the wrong working directory, for example if you use sbt then the workspace directory should contain build.sbt. 
2026.04.30 11:23:44 WARN  Build server is not auto-connectable.
2026.04.30 11:23:44 WARN  no build target for: /Users/leonardocosta/Desktop/ISEP/2SEM/SISMD/Project1_SISMD/src/ApplyFilters.java
2026.04.30 11:23:44 INFO  no build target found for /Users/leonardocosta/Desktop/ISEP/2SEM/SISMD/Project1_SISMD/src/ApplyFilters.java. Using fallback presentation compiler.
2026.04.30 11:23:46 INFO  no build target found for /Users/leonardocosta/Desktop/ISEP/2SEM/SISMD/Project1_SISMD/src/ApplyFilters.java. Using fallback presentation compiler.
Apr 30, 2026 11:23:46 AM org.eclipse.lsp4j.jsonrpc.RemoteEndpoint handleCancellation
WARNING: Unmatched cancel notification for request id 9
2026.04.30 11:23:46 INFO  no build target found for /Users/leonardocosta/Desktop/ISEP/2SEM/SISMD/Project1_SISMD/src/ApplyFilters.java. Using fallback presentation compiler.
2026.04.30 11:23:46 INFO  no build target found for /Users/leonardocosta/Desktop/ISEP/2SEM/SISMD/Project1_SISMD/src/ApplyFilters.java. Using fallback presentation compiler.
2026.04.30 11:23:46 INFO  no build target found for /Users/leonardocosta/Desktop/ISEP/2SEM/SISMD/Project1_SISMD/src/ApplyFilters.java. Using fallback presentation compiler.
Apr 30, 2026 11:23:46 AM org.eclipse.lsp4j.jsonrpc.RemoteEndpoint handleCancellation
WARNING: Unmatched cancel notification for request id 10
2026.04.30 11:23:46 INFO  no build target found for /Users/leonardocosta/Desktop/ISEP/2SEM/SISMD/Project1_SISMD/src/ApplyFilters.java. Using fallback presentation compiler.
2026.04.30 11:23:46 INFO  no build target found for /Users/leonardocosta/Desktop/ISEP/2SEM/SISMD/Project1_SISMD/src/ApplyFilters.java. Using fallback presentation compiler.
2026.04.30 11:23:46 INFO  no build target found for /Users/leonardocosta/Desktop/ISEP/2SEM/SISMD/Project1_SISMD/src/ApplyFilters.java. Using fallback presentation compiler.
2026.04.30 11:23:56 INFO  no build target found for /Users/leonardocosta/Desktop/ISEP/2SEM/SISMD/Project1_SISMD/src/ApplyFilters.java. Using fallback presentation compiler.
2026.04.30 11:38:11 INFO  no build target found for /Users/leonardocosta/Desktop/ISEP/2SEM/SISMD/Project1_SISMD/src/ApplyFilters.java. Using fallback presentation compiler.
2026.04.30 11:38:13 INFO  no build target found for /Users/leonardocosta/Desktop/ISEP/2SEM/SISMD/Project1_SISMD/src/ApplyFilters.java. Using fallback presentation compiler.
2026.04.30 11:38:13 WARN  no build target for: /Users/leonardocosta/Desktop/ISEP/2SEM/SISMD/Project1_SISMD/src/Filters.java
2026.04.30 11:38:13 INFO  no build target found for /Users/leonardocosta/Desktop/ISEP/2SEM/SISMD/Project1_SISMD/src/Filters.java. Using fallback presentation compiler.
2026.04.30 11:38:13 INFO  no build target found for /Users/leonardocosta/Desktop/ISEP/2SEM/SISMD/Project1_SISMD/src/Filters.java. Using fallback presentation compiler.
2026.04.30 11:38:35 INFO  no build target found for /Users/leonardocosta/Desktop/ISEP/2SEM/SISMD/Project1_SISMD/src/Filters.java. Using fallback presentation compiler.
2026.04.30 11:38:35 WARN  no build target for: /Users/leonardocosta/Desktop/ISEP/2SEM/SISMD/Project1_SISMD/src/Utils.java
2026.04.30 11:38:35 INFO  no build target found for /Users/leonardocosta/Desktop/ISEP/2SEM/SISMD/Project1_SISMD/src/Utils.java. Using fallback presentation compiler.
2026.04.30 11:38:35 INFO  no build target found for /Users/leonardocosta/Desktop/ISEP/2SEM/SISMD/Project1_SISMD/src/Utils.java. Using fallback presentation compiler.
2026.04.30 11:38:35 INFO  no build target found for /Users/leonardocosta/Desktop/ISEP/2SEM/SISMD/Project1_SISMD/src/Utils.java. Using fallback presentation compiler.
2026.04.30 11:39:49 INFO  no build target found for /Users/leonardocosta/Desktop/ISEP/2SEM/SISMD/Project1_SISMD/src/Utils.java. Using fallback presentation compiler.
2026.04.30 11:39:49 WARN  no build target for: /Users/leonardocosta/Desktop/ISEP/2SEM/SISMD/Project1_SISMD/src/ApplyFilters.java
2026.04.30 11:39:49 INFO  no build target found for /Users/leonardocosta/Desktop/ISEP/2SEM/SISMD/Project1_SISMD/src/ApplyFilters.java. Using fallback presentation compiler.
2026.04.30 11:39:49 INFO  no build target found for /Users/leonardocosta/Desktop/ISEP/2SEM/SISMD/Project1_SISMD/src/ApplyFilters.java. Using fallback presentation compiler.
2026.04.30 11:39:49 INFO  no build target found for /Users/leonardocosta/Desktop/ISEP/2SEM/SISMD/Project1_SISMD/src/ApplyFilters.java. Using fallback presentation compiler.
2026.04.30 11:39:49 INFO  no build target found for /Users/leonardocosta/Desktop/ISEP/2SEM/SISMD/Project1_SISMD/src/ApplyFilters.java. Using fallback presentation compiler.
2026.04.30 11:40:03 INFO  no build target found for /Users/leonardocosta/Desktop/ISEP/2SEM/SISMD/Project1_SISMD/src/ApplyFilters.java. Using fallback presentation compiler.
2026.04.30 11:40:04 INFO  no build target found for /Users/leonardocosta/Desktop/ISEP/2SEM/SISMD/Project1_SISMD/src/ApplyFilters.java. Using fallback presentation compiler.
2026.04.30 11:40:14 INFO  no build target found for /Users/leonardocosta/Desktop/ISEP/2SEM/SISMD/Project1_SISMD/src/ApplyFilters.java. Using fallback presentation compiler.
2026.04.30 11:40:14 WARN  no build target for: /Users/leonardocosta/Desktop/ISEP/2SEM/SISMD/Project1_SISMD/src/Utils.java
2026.04.30 11:40:14 INFO  no build target found for /Users/leonardocosta/Desktop/ISEP/2SEM/SISMD/Project1_SISMD/src/Utils.java. Using fallback presentation compiler.
2026.04.30 11:40:14 INFO  no build target found for /Users/leonardocosta/Desktop/ISEP/2SEM/SISMD/Project1_SISMD/src/Utils.java. Using fallback presentation compiler.
2026.04.30 11:40:14 INFO  no build target found for /Users/leonardocosta/Desktop/ISEP/2SEM/SISMD/Project1_SISMD/src/Utils.java. Using fallback presentation compiler.
2026.04.30 11:40:25 INFO  no build target found for /Users/leonardocosta/Desktop/ISEP/2SEM/SISMD/Project1_SISMD/src/Utils.java. Using fallback presentation compiler.
2026.04.30 11:40:29 INFO  no build target found for /Users/leonardocosta/Desktop/ISEP/2SEM/SISMD/Project1_SISMD/src/Utils.java. Using fallback presentation compiler.
2026.04.30 11:40:29 WARN  no build target for: /Users/leonardocosta/Desktop/ISEP/2SEM/SISMD/Project1_SISMD/src/ApplyFilters.java
2026.04.30 11:40:29 INFO  no build target found for /Users/leonardocosta/Desktop/ISEP/2SEM/SISMD/Project1_SISMD/src/ApplyFilters.java. Using fallback presentation compiler.
2026.04.30 11:40:29 INFO  no build target found for /Users/leonardocosta/Desktop/ISEP/2SEM/SISMD/Project1_SISMD/src/ApplyFilters.java. Using fallback presentation compiler.
2026.04.30 11:40:29 INFO  no build target found for /Users/leonardocosta/Desktop/ISEP/2SEM/SISMD/Project1_SISMD/src/ApplyFilters.java. Using fallback presentation compiler.
2026.04.30 11:40:29 INFO  no build target found for /Users/leonardocosta/Desktop/ISEP/2SEM/SISMD/Project1_SISMD/src/ApplyFilters.java. Using fallback presentation compiler.
2026.04.30 11:40:29 INFO  no build target found for /Users/leonardocosta/Desktop/ISEP/2SEM/SISMD/Project1_SISMD/src/ApplyFilters.java. Using fallback presentation compiler.
2026.04.30 11:40:38 INFO  no build target found for /Users/leonardocosta/Desktop/ISEP/2SEM/SISMD/Project1_SISMD/src/ApplyFilters.java. Using fallback presentation compiler.
2026.04.30 11:40:49 INFO  no build target found for /Users/leonardocosta/Desktop/ISEP/2SEM/SISMD/Project1_SISMD/src/ApplyFilters.java. Using fallback presentation compiler.
2026.04.30 11:40:51 INFO  no build target found for /Users/leonardocosta/Desktop/ISEP/2SEM/SISMD/Project1_SISMD/src/ApplyFilters.java. Using fallback presentation compiler.
2026.04.30 11:40:52 WARN  no build target for: /Users/leonardocosta/Desktop/ISEP/2SEM/SISMD/Project1_SISMD/src/Filters.java
2026.04.30 11:40:52 INFO  no build target found for /Users/leonardocosta/Desktop/ISEP/2SEM/SISMD/Project1_SISMD/src/Filters.java. Using fallback presentation compiler.
2026.04.30 11:40:52 INFO  no build target found for /Users/leonardocosta/Desktop/ISEP/2SEM/SISMD/Project1_SISMD/src/Filters.java. Using fallback presentation compiler.
2026.04.30 11:40:54 INFO  no build target found for /Users/leonardocosta/Desktop/ISEP/2SEM/SISMD/Project1_SISMD/src/Filters.java. Using fallback presentation compiler.
2026.04.30 11:40:54 INFO  no build target found for /Users/leonardocosta/Desktop/ISEP/2SEM/SISMD/Project1_SISMD/src/Filters.java. Using fallback presentation compiler.
2026.04.30 11:40:56 INFO  no build target found for /Users/leonardocosta/Desktop/ISEP/2SEM/SISMD/Project1_SISMD/src/Filters.java. Using fallback presentation compiler.
2026.04.30 11:40:58 INFO  no build target found for /Users/leonardocosta/Desktop/ISEP/2SEM/SISMD/Project1_SISMD/src/Filters.java. Using fallback presentation compiler.
2026.04.30 11:40:58 WARN  no build target for: /Users/leonardocosta/Desktop/ISEP/2SEM/SISMD/Project1_SISMD/src/ApplyFilters.java
2026.04.30 11:40:58 INFO  no build target found for /Users/leonardocosta/Desktop/ISEP/2SEM/SISMD/Project1_SISMD/src/ApplyFilters.java. Using fallback presentation compiler.
2026.04.30 11:40:58 INFO  no build target found for /Users/leonardocosta/Desktop/ISEP/2SEM/SISMD/Project1_SISMD/src/ApplyFilters.java. Using fallback presentation compiler.
2026.04.30 11:40:58 INFO  no build target found for /Users/leonardocosta/Desktop/ISEP/2SEM/SISMD/Project1_SISMD/src/ApplyFilters.java. Using fallback presentation compiler.
2026.04.30 11:40:58 INFO  no build target found for /Users/leonardocosta/Desktop/ISEP/2SEM/SISMD/Project1_SISMD/src/ApplyFilters.java. Using fallback presentation compiler.
2026.04.30 11:41:02 INFO  no build target found for /Users/leonardocosta/Desktop/ISEP/2SEM/SISMD/Project1_SISMD/src/ApplyFilters.java. Using fallback presentation compiler.
2026.04.30 11:41:02 INFO  no build target found for /Users/leonardocosta/Desktop/ISEP/2SEM/SISMD/Project1_SISMD/src/ApplyFilters.java. Using fallback presentation compiler.
2026.04.30 11:41:07 INFO  no build target found for /Users/leonardocosta/Desktop/ISEP/2SEM/SISMD/Project1_SISMD/src/ApplyFilters.java. Using fallback presentation compiler.
2026.04.30 11:41:08 WARN  no build target for: /Users/leonardocosta/Desktop/ISEP/2SEM/SISMD/Project1_SISMD/src/Utils.java
2026.04.30 11:41:07 INFO  no build target found for /Users/leonardocosta/Desktop/ISEP/2SEM/SISMD/Project1_SISMD/src/Utils.java. Using fallback presentation compiler.
2026.04.30 11:41:08 INFO  no build target found for /Users/leonardocosta/Desktop/ISEP/2SEM/SISMD/Project1_SISMD/src/Utils.java. Using fallback presentation compiler.
2026.04.30 11:41:07 INFO  no build target found for /Users/leonardocosta/Desktop/ISEP/2SEM/SISMD/Project1_SISMD/src/Utils.java. Using fallback presentation compiler.
2026.04.30 11:41:08 WARN  no build target for: /Users/leonardocosta/Desktop/ISEP/2SEM/SISMD/Project1_SISMD/src/Filters.java
2026.04.30 11:41:08 INFO  no build target found for /Users/leonardocosta/Desktop/ISEP/2SEM/SISMD/Project1_SISMD/src/Filters.java. Using fallback presentation compiler.
2026.04.30 11:41:08 INFO  no build target found for /Users/leonardocosta/Desktop/ISEP/2SEM/SISMD/Project1_SISMD/src/Filters.java. Using fallback presentation compiler.
2026.04.30 11:41:09 INFO  no build target found for /Users/leonardocosta/Desktop/ISEP/2SEM/SISMD/Project1_SISMD/src/Filters.java. Using fallback presentation compiler.
2026.04.30 11:41:09 INFO  no build target found for /Users/leonardocosta/Desktop/ISEP/2SEM/SISMD/Project1_SISMD/src/Filters.java. Using fallback presentation compiler.
2026.04.30 11:41:11 INFO  no build target found for /Users/leonardocosta/Desktop/ISEP/2SEM/SISMD/Project1_SISMD/src/Filters.java. Using fallback presentation compiler.
2026.04.30 11:41:11 INFO  no build target found for /Users/leonardocosta/Desktop/ISEP/2SEM/SISMD/Project1_SISMD/src/ApplyFilters.java. Using fallback presentation compiler.
2026.04.30 11:41:11 WARN  no build target for: /Users/leonardocosta/Desktop/ISEP/2SEM/SISMD/Project1_SISMD/src/ApplyFilters.java
2026.04.30 11:41:11 INFO  no build target found for /Users/leonardocosta/Desktop/ISEP/2SEM/SISMD/Project1_SISMD/src/ApplyFilters.java. Using fallback presentation compiler.
2026.04.30 11:41:11 INFO  no build target found for /Users/leonardocosta/Desktop/ISEP/2SEM/SISMD/Project1_SISMD/src/ApplyFilters.java. Using fallback presentation compiler.
2026.04.30 11:41:12 INFO  no build target found for /Users/leonardocosta/Desktop/ISEP/2SEM/SISMD/Project1_SISMD/src/ApplyFilters.java. Using fallback presentation compiler.
2026.04.30 11:41:11 INFO  no build target found for /Users/leonardocosta/Desktop/ISEP/2SEM/SISMD/Project1_SISMD/src/ApplyFilters.java. Using fallback presentation compiler.
2026.04.30 11:41:12 INFO  no build target found for /Users/leonardocosta/Desktop/ISEP/2SEM/SISMD/Project1_SISMD/src/ApplyFilters.java. Using fallback presentation compiler.
2026.04.30 11:41:12 INFO  no build target found for /Users/leonardocosta/Desktop/ISEP/2SEM/SISMD/Project1_SISMD/src/ApplyFilters.java. Using fallback presentation compiler.
2026.04.30 11:41:15 INFO  no build target found for /Users/leonardocosta/Desktop/ISEP/2SEM/SISMD/Project1_SISMD/src/ApplyFilters.java. Using fallback presentation compiler.
2026.04.30 11:41:15 INFO  no build target found for /Users/leonardocosta/Desktop/ISEP/2SEM/SISMD/Project1_SISMD/src/ApplyFilters.java. Using fallback presentation compiler.
2026.04.30 11:41:18 INFO  no build target found for /Users/leonardocosta/Desktop/ISEP/2SEM/SISMD/Project1_SISMD/src/ApplyFilters.java. Using fallback presentation compiler.
2026.04.30 11:41:20 INFO  no build target found for /Users/leonardocosta/Desktop/ISEP/2SEM/SISMD/Project1_SISMD/src/ApplyFilters.java. Using fallback presentation compiler.
2026.04.30 11:41:25 INFO  no build target found for /Users/leonardocosta/Desktop/ISEP/2SEM/SISMD/Project1_SISMD/src/ApplyFilters.java. Using fallback presentation compiler.
2026.04.30 11:41:25 WARN  no build target for: /Users/leonardocosta/Desktop/ISEP/2SEM/SISMD/Project1_SISMD/src/Filters.java
2026.04.30 11:41:25 INFO  no build target found for /Users/leonardocosta/Desktop/ISEP/2SEM/SISMD/Project1_SISMD/src/Filters.java. Using fallback presentation compiler.
2026.04.30 11:41:25 INFO  no build target found for /Users/leonardocosta/Desktop/ISEP/2SEM/SISMD/Project1_SISMD/src/Filters.java. Using fallback presentation compiler.
2026.04.30 11:41:40 INFO  no build target found for /Users/leonardocosta/Desktop/ISEP/2SEM/SISMD/Project1_SISMD/src/Filters.java. Using fallback presentation compiler.
2026.04.30 11:41:47 INFO  no build target found for /Users/leonardocosta/Desktop/ISEP/2SEM/SISMD/Project1_SISMD/src/Filters.java. Using fallback presentation compiler.
2026.04.30 11:41:47 INFO  no build target found for /Users/leonardocosta/Desktop/ISEP/2SEM/SISMD/Project1_SISMD/src/Filters.java. Using fallback presentation compiler.
2026.04.30 11:41:47 INFO  no build target found for /Users/leonardocosta/Desktop/ISEP/2SEM/SISMD/Project1_SISMD/src/Filters.java. Using fallback presentation compiler.
2026.04.30 11:41:54 INFO  no build target found for /Users/leonardocosta/Desktop/ISEP/2SEM/SISMD/Project1_SISMD/src/Filters.java. Using fallback presentation compiler.
2026.04.30 11:41:54 WARN  no build target for: /Users/leonardocosta/Desktop/ISEP/2SEM/SISMD/Project1_SISMD/src/ApplyFilters.java
2026.04.30 11:41:54 INFO  no build target found for /Users/leonardocosta/Desktop/ISEP/2SEM/SISMD/Project1_SISMD/src/ApplyFilters.java. Using fallback presentation compiler.
2026.04.30 11:41:54 INFO  no build target found for /Users/leonardocosta/Desktop/ISEP/2SEM/SISMD/Project1_SISMD/src/ApplyFilters.java. Using fallback presentation compiler.
2026.04.30 11:41:55 INFO  no build target found for /Users/leonardocosta/Desktop/ISEP/2SEM/SISMD/Project1_SISMD/src/ApplyFilters.java. Using fallback presentation compiler.
2026.04.30 11:41:56 INFO  no build target found for /Users/leonardocosta/Desktop/ISEP/2SEM/SISMD/Project1_SISMD/src/ApplyFilters.java. Using fallback presentation compiler.
2026.04.30 11:41:56 WARN  no build target for: /Users/leonardocosta/Desktop/ISEP/2SEM/SISMD/Project1_SISMD/src/Utils.java
2026.04.30 11:41:56 INFO  no build target found for /Users/leonardocosta/Desktop/ISEP/2SEM/SISMD/Project1_SISMD/src/Utils.java. Using fallback presentation compiler.
2026.04.30 11:41:56 INFO  no build target found for /Users/leonardocosta/Desktop/ISEP/2SEM/SISMD/Project1_SISMD/src/Utils.java. Using fallback presentation compiler.
2026.04.30 11:41:56 INFO  no build target found for /Users/leonardocosta/Desktop/ISEP/2SEM/SISMD/Project1_SISMD/src/Utils.java. Using fallback presentation compiler.
2026.04.30 11:42:04 INFO  no build target found for /Users/leonardocosta/Desktop/ISEP/2SEM/SISMD/Project1_SISMD/src/Utils.java. Using fallback presentation compiler.
2026.04.30 11:42:04 INFO  no build target found for /Users/leonardocosta/Desktop/ISEP/2SEM/SISMD/Project1_SISMD/src/Utils.java. Using fallback presentation compiler.
2026.04.30 11:42:10 INFO  no build target found for /Users/leonardocosta/Desktop/ISEP/2SEM/SISMD/Project1_SISMD/src/Utils.java. Using fallback presentation compiler.
2026.04.30 11:42:42 INFO  no build target found for /Users/leonardocosta/Desktop/ISEP/2SEM/SISMD/Project1_SISMD/src/Utils.java. Using fallback presentation compiler.
2026.04.30 11:42:42 WARN  no build target for: /Users/leonardocosta/Desktop/ISEP/2SEM/SISMD/Project1_SISMD/src/Filters.java
2026.04.30 11:42:42 INFO  no build target found for /Users/leonardocosta/Desktop/ISEP/2SEM/SISMD/Project1_SISMD/src/Filters.java. Using fallback presentation compiler.
2026.04.30 11:42:42 INFO  no build target found for /Users/leonardocosta/Desktop/ISEP/2SEM/SISMD/Project1_SISMD/src/Filters.java. Using fallback presentation compiler.
2026.04.30 11:42:47 INFO  no build target found for /Users/leonardocosta/Desktop/ISEP/2SEM/SISMD/Project1_SISMD/src/Filters.java. Using fallback presentation compiler.
2026.04.30 11:42:47 WARN  no build target for: /Users/leonardocosta/Desktop/ISEP/2SEM/SISMD/Project1_SISMD/src/ApplyFilters.java
2026.04.30 11:42:47 INFO  no build target found for /Users/leonardocosta/Desktop/ISEP/2SEM/SISMD/Project1_SISMD/src/ApplyFilters.java. Using fallback presentation compiler.
2026.04.30 11:42:47 INFO  no build target found for /Users/leonardocosta/Desktop/ISEP/2SEM/SISMD/Project1_SISMD/src/ApplyFilters.java. Using fallback presentation compiler.
2026.04.30 11:42:47 INFO  no build target found for /Users/leonardocosta/Desktop/ISEP/2SEM/SISMD/Project1_SISMD/src/ApplyFilters.java. Using fallback presentation compiler.
2026.04.30 11:42:49 INFO  no build target found for /Users/leonardocosta/Desktop/ISEP/2SEM/SISMD/Project1_SISMD/src/ApplyFilters.java. Using fallback presentation compiler.
2026.04.30 11:42:49 INFO  no build target found for /Users/leonardocosta/Desktop/ISEP/2SEM/SISMD/Project1_SISMD/src/ApplyFilters.java. Using fallback presentation compiler.
2026.04.30 11:42:51 INFO  no build target found for /Users/leonardocosta/Desktop/ISEP/2SEM/SISMD/Project1_SISMD/src/ApplyFilters.java. Using fallback presentation compiler.
2026.04.30 11:42:51 WARN  no build target for: /Users/leonardocosta/Desktop/ISEP/2SEM/SISMD/Project1_SISMD/src/Filters.java
2026.04.30 11:42:51 INFO  no build target found for /Users/leonardocosta/Desktop/ISEP/2SEM/SISMD/Project1_SISMD/src/Filters.java. Using fallback presentation compiler.
2026.04.30 11:42:51 INFO  no build target found for /Users/leonardocosta/Desktop/ISEP/2SEM/SISMD/Project1_SISMD/src/Filters.java. Using fallback presentation compiler.
2026.04.30 11:42:51 INFO  no build target found for /Users/leonardocosta/Desktop/ISEP/2SEM/SISMD/Project1_SISMD/src/Filters.java. Using fallback presentation compiler.
2026.04.30 11:42:59 INFO  no build target found for /Users/leonardocosta/Desktop/ISEP/2SEM/SISMD/Project1_SISMD/src/Filters.java. Using fallback presentation compiler.
2026.04.30 11:42:59 WARN  no build target for: /Users/leonardocosta/Desktop/ISEP/2SEM/SISMD/Project1_SISMD/src/ApplyFilters.java
2026.04.30 11:42:59 INFO  no build target found for /Users/leonardocosta/Desktop/ISEP/2SEM/SISMD/Project1_SISMD/src/ApplyFilters.java. Using fallback presentation compiler.
2026.04.30 11:42:59 INFO  no build target found for /Users/leonardocosta/Desktop/ISEP/2SEM/SISMD/Project1_SISMD/src/ApplyFilters.java. Using fallback presentation compiler.
2026.04.30 11:43:00 INFO  no build target found for /Users/leonardocosta/Desktop/ISEP/2SEM/SISMD/Project1_SISMD/src/ApplyFilters.java. Using fallback presentation compiler.
2026.04.30 11:43:01 INFO  no build target found for /Users/leonardocosta/Desktop/ISEP/2SEM/SISMD/Project1_SISMD/src/ApplyFilters.java. Using fallback presentation compiler.
2026.04.30 11:43:01 WARN  no build target for: /Users/leonardocosta/Desktop/ISEP/2SEM/SISMD/Project1_SISMD/src/Filters.java
2026.04.30 11:43:01 INFO  no build target found for /Users/leonardocosta/Desktop/ISEP/2SEM/SISMD/Project1_SISMD/src/Filters.java. Using fallback presentation compiler.
2026.04.30 11:43:01 INFO  no build target found for /Users/leonardocosta/Desktop/ISEP/2SEM/SISMD/Project1_SISMD/src/Filters.java. Using fallback presentation compiler.
2026.04.30 11:43:06 INFO  no build target found for /Users/leonardocosta/Desktop/ISEP/2SEM/SISMD/Project1_SISMD/src/Filters.java. Using fallback presentation compiler.
2026.04.30 11:44:08 INFO  no build target found for /Users/leonardocosta/Desktop/ISEP/2SEM/SISMD/Project1_SISMD/src/Filters.java. Using fallback presentation compiler.
2026.04.30 11:44:08 INFO  no build target found for /Users/leonardocosta/Desktop/ISEP/2SEM/SISMD/Project1_SISMD/src/Filters.java. Using fallback presentation compiler.
2026.04.30 11:44:18 INFO  no build target found for /Users/leonardocosta/Desktop/ISEP/2SEM/SISMD/Project1_SISMD/src/Filters.java. Using fallback presentation compiler.
2026.04.30 11:44:21 INFO  no build target found for /Users/leonardocosta/Desktop/ISEP/2SEM/SISMD/Project1_SISMD/src/Filters.java. Using fallback presentation compiler.
2026.04.30 11:44:21 INFO  no build target found for /Users/leonardocosta/Desktop/ISEP/2SEM/SISMD/Project1_SISMD/src/Filters.java. Using fallback presentation compiler.
2026.04.30 11:44:21 INFO  no build target found for /Users/leonardocosta/Desktop/ISEP/2SEM/SISMD/Project1_SISMD/src/Filters.java. Using fallback presentation compiler.
2026.04.30 11:48:14 INFO  no build target found for /Users/leonardocosta/Desktop/ISEP/2SEM/SISMD/Project1_SISMD/src/Filters.java. Using fallback presentation compiler.
2026.04.30 11:48:14 WARN  no build target for: /Users/leonardocosta/Desktop/ISEP/2SEM/SISMD/Project1_SISMD/src/ApplyFilters.java
2026.04.30 11:48:14 INFO  no build target found for /Users/leonardocosta/Desktop/ISEP/2SEM/SISMD/Project1_SISMD/src/ApplyFilters.java. Using fallback presentation compiler.
2026.04.30 11:48:14 INFO  no build target found for /Users/leonardocosta/Desktop/ISEP/2SEM/SISMD/Project1_SISMD/src/ApplyFilters.java. Using fallback presentation compiler.
2026.04.30 11:48:14 INFO  no build target found for /Users/leonardocosta/Desktop/ISEP/2SEM/SISMD/Project1_SISMD/src/ApplyFilters.java. Using fallback presentation compiler.
2026.04.30 11:48:16 INFO  no build target found for /Users/leonardocosta/Desktop/ISEP/2SEM/SISMD/Project1_SISMD/src/ApplyFilters.java. Using fallback presentation compiler.
2026.04.30 11:48:16 WARN  no build target for: /Users/leonardocosta/Desktop/ISEP/2SEM/SISMD/Project1_SISMD/src/Filters.java
2026.04.30 11:48:16 INFO  no build target found for /Users/leonardocosta/Desktop/ISEP/2SEM/SISMD/Project1_SISMD/src/Filters.java. Using fallback presentation compiler.
2026.04.30 11:48:16 INFO  no build target found for /Users/leonardocosta/Desktop/ISEP/2SEM/SISMD/Project1_SISMD/src/Filters.java. Using fallback presentation compiler.
2026.04.30 11:48:16 INFO  no build target found for /Users/leonardocosta/Desktop/ISEP/2SEM/SISMD/Project1_SISMD/src/Filters.java. Using fallback presentation compiler.
2026.04.30 11:48:16 INFO  no build target found for /Users/leonardocosta/Desktop/ISEP/2SEM/SISMD/Project1_SISMD/src/Filters.java. Using fallback presentation compiler.
2026.04.30 11:48:16 WARN  no build target for: /Users/leonardocosta/Desktop/ISEP/2SEM/SISMD/Project1_SISMD/src/Utils.java
2026.04.30 11:48:16 INFO  no build target found for /Users/leonardocosta/Desktop/ISEP/2SEM/SISMD/Project1_SISMD/src/Utils.java. Using fallback presentation compiler.
2026.04.30 11:48:16 INFO  no build target found for /Users/leonardocosta/Desktop/ISEP/2SEM/SISMD/Project1_SISMD/src/Utils.java. Using fallback presentation compiler.
2026.04.30 11:48:17 INFO  no build target found for /Users/leonardocosta/Desktop/ISEP/2SEM/SISMD/Project1_SISMD/src/Utils.java. Using fallback presentation compiler.
2026.04.30 11:48:26 INFO  no build target found for /Users/leonardocosta/Desktop/ISEP/2SEM/SISMD/Project1_SISMD/src/Utils.java. Using fallback presentation compiler.
2026.04.30 11:48:26 WARN  no build target for: /Users/leonardocosta/Desktop/ISEP/2SEM/SISMD/Project1_SISMD/src/Filters.java
2026.04.30 11:48:26 INFO  no build target found for /Users/leonardocosta/Desktop/ISEP/2SEM/SISMD/Project1_SISMD/src/Filters.java. Using fallback presentation compiler.
2026.04.30 11:48:26 INFO  no build target found for /Users/leonardocosta/Desktop/ISEP/2SEM/SISMD/Project1_SISMD/src/Filters.java. Using fallback presentation compiler.
2026.04.30 11:48:26 INFO  no build target found for /Users/leonardocosta/Desktop/ISEP/2SEM/SISMD/Project1_SISMD/src/Filters.java. Using fallback presentation compiler.
2026.04.30 11:57:36 WARN  no build target for: /Users/leonardocosta/Desktop/ISEP/2SEM/SISMD/Project1_SISMD/src/ApplyFilters.java
2026.04.30 11:57:36 INFO  no build target found for /Users/leonardocosta/Desktop/ISEP/2SEM/SISMD/Project1_SISMD/src/Filters.java. Using fallback presentation compiler.
2026.04.30 11:57:36 WARN  no build target for: /Users/leonardocosta/Desktop/ISEP/2SEM/SISMD/Project1_SISMD/src/Utils.java
2026.04.30 11:57:36 INFO  no build target found for /Users/leonardocosta/Desktop/ISEP/2SEM/SISMD/Project1_SISMD/src/Filters.java. Using fallback presentation compiler.
2026.04.30 11:58:42 INFO  no build target found for /Users/leonardocosta/Desktop/ISEP/2SEM/SISMD/Project1_SISMD/src/Filters.java. Using fallback presentation compiler.
2026.04.30 11:58:42 INFO  no build target found for /Users/leonardocosta/Desktop/ISEP/2SEM/SISMD/Project1_SISMD/src/Filters.java. Using fallback presentation compiler.
2026.04.30 11:58:42 INFO  no build target found for /Users/leonardocosta/Desktop/ISEP/2SEM/SISMD/Project1_SISMD/src/Filters.java. Using fallback presentation compiler.
2026.04.30 11:58:42 WARN  no build target for: /Users/leonardocosta/Desktop/ISEP/2SEM/SISMD/Project1_SISMD/src/Filters.java
2026.04.30 11:58:42 INFO  no build target found for /Users/leonardocosta/Desktop/ISEP/2SEM/SISMD/Project1_SISMD/src/Filters.java. Using fallback presentation compiler.
2026.04.30 11:58:43 INFO  no build target found for /Users/leonardocosta/Desktop/ISEP/2SEM/SISMD/Project1_SISMD/src/Filters.java. Using fallback presentation compiler.
2026.04.30 11:59:17 WARN  no build target for: /Users/leonardocosta/Desktop/ISEP/2SEM/SISMD/Project1_SISMD/src/BenchmarkSequential.java
2026.04.30 11:59:17 WARN  Running javac-semanticdb failed for file:///Users/leonardocosta/Desktop/ISEP/2SEM/SISMD/Project1_SISMD/src/BenchmarkSequential.java. Output:

2026.04.30 11:59:17 INFO  no build target found for /Users/leonardocosta/Desktop/ISEP/2SEM/SISMD/Project1_SISMD/src/BenchmarkSequential.java. Using fallback presentation compiler.
2026.04.30 11:59:17 INFO  no build target found for /Users/leonardocosta/Desktop/ISEP/2SEM/SISMD/Project1_SISMD/src/Filters.java. Using fallback presentation compiler.
2026.04.30 11:59:17 WARN  no build target for: /Users/leonardocosta/Desktop/ISEP/2SEM/SISMD/Project1_SISMD/src/BenchmarkSequential.java
2026.04.30 11:59:18 INFO  no build target found for /Users/leonardocosta/Desktop/ISEP/2SEM/SISMD/Project1_SISMD/src/Filters.java. Using fallback presentation compiler.
2026.04.30 11:59:21 WARN  no build target for: /Users/leonardocosta/Desktop/ISEP/2SEM/SISMD/Project1_SISMD/src/BenchmarkSequential.java
2026.04.30 11:59:21 INFO  no build target found for /Users/leonardocosta/Desktop/ISEP/2SEM/SISMD/Project1_SISMD/src/BenchmarkSequential.java. Using fallback presentation compiler.
2026.04.30 11:59:21 INFO  no build target found for /Users/leonardocosta/Desktop/ISEP/2SEM/SISMD/Project1_SISMD/src/BenchmarkSequential.java. Using fallback presentation compiler.
2026.04.30 11:59:57 WARN  no build target for: /Users/leonardocosta/Desktop/ISEP/2SEM/SISMD/Project1_SISMD/src/BenchmarkSequential.java
2026.04.30 11:59:57 INFO  no build target found for /Users/leonardocosta/Desktop/ISEP/2SEM/SISMD/Project1_SISMD/src/BenchmarkSequential.java. Using fallback presentation compiler.
2026.04.30 11:59:57 INFO  no build target found for /Users/leonardocosta/Desktop/ISEP/2SEM/SISMD/Project1_SISMD/src/BenchmarkSequential.java. Using fallback presentation compiler.
Apr 30, 2026 11:59:57 AM org.eclipse.lsp4j.jsonrpc.RemoteEndpoint handleNotification
WARNING: Notification threw an exception: {
  "jsonrpc": "2.0",
  "method": "metals/didFocusTextDocument",
  "params": [
    "class:/Users/leonardocosta/Desktop/ISEP/2SEM/SISMD/Project1_SISMD/out/ApplyFilters.class"
  ]
}
java.nio.file.FileSystemNotFoundException: Provider "class" not installed
	at java.base/java.nio.file.Path.of(Path.java:212)
	at java.base/java.nio.file.Paths.get(Paths.java:98)
	at scala.meta.internal.mtags.MtagsEnrichments$XtensionURIMtags.toAbsolutePath(MtagsEnrichments.scala:149)
	at scala.meta.internal.mtags.MtagsEnrichments$XtensionStringMtags.toAbsolutePath(MtagsEnrichments.scala:209)
	at scala.meta.internal.metals.MetalsEnrichments$XtensionString.toAbsolutePath(MetalsEnrichments.scala:787)
	at scala.meta.internal.metals.MetalsEnrichments$XtensionString.toAbsolutePath(MetalsEnrichments.scala:784)
	at scala.meta.internal.metals.WorkspaceLspService.didFocus(WorkspaceLspService.scala:808)
	at scala.meta.metals.lsp.DelegatingScalaService.didFocus(DelegatingScalaService.scala:42)
	at jdk.internal.reflect.GeneratedMethodAccessor13.invoke(Unknown Source)
	at java.base/jdk.internal.reflect.DelegatingMethodAccessorImpl.invoke(DelegatingMethodAccessorImpl.java:43)
	at java.base/java.lang.reflect.Method.invoke(Method.java:569)
	at org.eclipse.lsp4j.jsonrpc.services.GenericEndpoint.lambda$recursiveFindRpcMethods$0(GenericEndpoint.java:65)
	at org.eclipse.lsp4j.jsonrpc.services.GenericEndpoint.notify(GenericEndpoint.java:160)
	at org.eclipse.lsp4j.jsonrpc.RemoteEndpoint.handleNotification(RemoteEndpoint.java:225)
	at org.eclipse.lsp4j.jsonrpc.RemoteEndpoint.consume(RemoteEndpoint.java:192)
	at org.eclipse.lsp4j.jsonrpc.json.StreamMessageProducer.handleMessage(StreamMessageProducer.java:189)
	at org.eclipse.lsp4j.jsonrpc.json.StreamMessageProducer.listen(StreamMessageProducer.java:97)
	at org.eclipse.lsp4j.jsonrpc.json.ConcurrentMessageProcessor.run(ConcurrentMessageProcessor.java:97)
	at java.base/java.util.concurrent.Executors$RunnableAdapter.call(Executors.java:539)
	at java.base/java.util.concurrent.FutureTask.run(FutureTask.java:264)
	at java.base/java.util.concurrent.ThreadPoolExecutor.runWorker(ThreadPoolExecutor.java:1136)
	at java.base/java.util.concurrent.ThreadPoolExecutor$Worker.run(ThreadPoolExecutor.java:635)
	at java.base/java.lang.Thread.run(Thread.java:840)

Apr 30, 2026 11:59:58 AM org.eclipse.lsp4j.jsonrpc.RemoteEndpoint handleNotification
WARNING: Notification threw an exception: {
  "jsonrpc": "2.0",
  "method": "metals/didFocusTextDocument",
  "params": [
    "class:/Users/leonardocosta/Desktop/ISEP/2SEM/SISMD/Project1_SISMD/out/ApplyFilters.class"
  ]
}
java.nio.file.FileSystemNotFoundException: Provider "class" not installed
	at java.base/java.nio.file.Path.of(Path.java:212)
	at java.base/java.nio.file.Paths.get(Paths.java:98)
	at scala.meta.internal.mtags.MtagsEnrichments$XtensionURIMtags.toAbsolutePath(MtagsEnrichments.scala:149)
	at scala.meta.internal.mtags.MtagsEnrichments$XtensionStringMtags.toAbsolutePath(MtagsEnrichments.scala:209)
	at scala.meta.internal.metals.MetalsEnrichments$XtensionString.toAbsolutePath(MetalsEnrichments.scala:787)
	at scala.meta.internal.metals.MetalsEnrichments$XtensionString.toAbsolutePath(MetalsEnrichments.scala:784)
	at scala.meta.internal.metals.WorkspaceLspService.didFocus(WorkspaceLspService.scala:808)
	at scala.meta.metals.lsp.DelegatingScalaService.didFocus(DelegatingScalaService.scala:42)
	at jdk.internal.reflect.GeneratedMethodAccessor13.invoke(Unknown Source)
	at java.base/jdk.internal.reflect.DelegatingMethodAccessorImpl.invoke(DelegatingMethodAccessorImpl.java:43)
	at java.base/java.lang.reflect.Method.invoke(Method.java:569)
	at org.eclipse.lsp4j.jsonrpc.services.GenericEndpoint.lambda$recursiveFindRpcMethods$0(GenericEndpoint.java:65)
	at org.eclipse.lsp4j.jsonrpc.services.GenericEndpoint.notify(GenericEndpoint.java:160)
	at org.eclipse.lsp4j.jsonrpc.RemoteEndpoint.handleNotification(RemoteEndpoint.java:225)
	at org.eclipse.lsp4j.jsonrpc.RemoteEndpoint.consume(RemoteEndpoint.java:192)
	at org.eclipse.lsp4j.jsonrpc.json.StreamMessageProducer.handleMessage(StreamMessageProducer.java:189)
	at org.eclipse.lsp4j.jsonrpc.json.StreamMessageProducer.listen(StreamMessageProducer.java:97)
	at org.eclipse.lsp4j.jsonrpc.json.ConcurrentMessageProcessor.run(ConcurrentMessageProcessor.java:97)
	at java.base/java.util.concurrent.Executors$RunnableAdapter.call(Executors.java:539)
	at java.base/java.util.concurrent.FutureTask.run(FutureTask.java:264)
	at java.base/java.util.concurrent.ThreadPoolExecutor.runWorker(ThreadPoolExecutor.java:1136)
	at java.base/java.util.concurrent.ThreadPoolExecutor$Worker.run(ThreadPoolExecutor.java:635)
	at java.base/java.lang.Thread.run(Thread.java:840)

Apr 30, 2026 11:59:58 AM org.eclipse.lsp4j.jsonrpc.RemoteEndpoint handleNotification
WARNING: Notification threw an exception: {
  "jsonrpc": "2.0",
  "method": "metals/didFocusTextDocument",
  "params": [
    "class:/Users/leonardocosta/Desktop/ISEP/2SEM/SISMD/Project1_SISMD/out/BenchmarkSequential.class"
  ]
}
java.nio.file.FileSystemNotFoundException: Provider "class" not installed
	at java.base/java.nio.file.Path.of(Path.java:212)
	at java.base/java.nio.file.Paths.get(Paths.java:98)
	at scala.meta.internal.mtags.MtagsEnrichments$XtensionURIMtags.toAbsolutePath(MtagsEnrichments.scala:149)
	at scala.meta.internal.mtags.MtagsEnrichments$XtensionStringMtags.toAbsolutePath(MtagsEnrichments.scala:209)
	at scala.meta.internal.metals.MetalsEnrichments$XtensionString.toAbsolutePath(MetalsEnrichments.scala:787)
	at scala.meta.internal.metals.MetalsEnrichments$XtensionString.toAbsolutePath(MetalsEnrichments.scala:784)
	at scala.meta.internal.metals.WorkspaceLspService.didFocus(WorkspaceLspService.scala:808)
	at scala.meta.metals.lsp.DelegatingScalaService.didFocus(DelegatingScalaService.scala:42)
	at jdk.internal.reflect.GeneratedMethodAccessor13.invoke(Unknown Source)
	at java.base/jdk.internal.reflect.DelegatingMethodAccessorImpl.invoke(DelegatingMethodAccessorImpl.java:43)
	at java.base/java.lang.reflect.Method.invoke(Method.java:569)
	at org.eclipse.lsp4j.jsonrpc.services.GenericEndpoint.lambda$recursiveFindRpcMethods$0(GenericEndpoint.java:65)
	at org.eclipse.lsp4j.jsonrpc.services.GenericEndpoint.notify(GenericEndpoint.java:160)
	at org.eclipse.lsp4j.jsonrpc.RemoteEndpoint.handleNotification(RemoteEndpoint.java:225)
	at org.eclipse.lsp4j.jsonrpc.RemoteEndpoint.consume(RemoteEndpoint.java:192)
	at org.eclipse.lsp4j.jsonrpc.json.StreamMessageProducer.handleMessage(StreamMessageProducer.java:189)
	at org.eclipse.lsp4j.jsonrpc.json.StreamMessageProducer.listen(StreamMessageProducer.java:97)
	at org.eclipse.lsp4j.jsonrpc.json.ConcurrentMessageProcessor.run(ConcurrentMessageProcessor.java:97)
	at java.base/java.util.concurrent.Executors$RunnableAdapter.call(Executors.java:539)
	at java.base/java.util.concurrent.FutureTask.run(FutureTask.java:264)
	at java.base/java.util.concurrent.ThreadPoolExecutor.runWorker(ThreadPoolExecutor.java:1136)
	at java.base/java.util.concurrent.ThreadPoolExecutor$Worker.run(ThreadPoolExecutor.java:635)
	at java.base/java.lang.Thread.run(Thread.java:840)

Apr 30, 2026 11:59:59 AM org.eclipse.lsp4j.jsonrpc.RemoteEndpoint handleNotification
WARNING: Notification threw an exception: {
  "jsonrpc": "2.0",
  "method": "metals/didFocusTextDocument",
  "params": [
    "class:/Users/leonardocosta/Desktop/ISEP/2SEM/SISMD/Project1_SISMD/out/BenchmarkSequential.class"
  ]
}
java.nio.file.FileSystemNotFoundException: Provider "class" not installed
	at java.base/java.nio.file.Path.of(Path.java:212)
	at java.base/java.nio.file.Paths.get(Paths.java:98)
	at scala.meta.internal.mtags.MtagsEnrichments$XtensionURIMtags.toAbsolutePath(MtagsEnrichments.scala:149)
	at scala.meta.internal.mtags.MtagsEnrichments$XtensionStringMtags.toAbsolutePath(MtagsEnrichments.scala:209)
	at scala.meta.internal.metals.MetalsEnrichments$XtensionString.toAbsolutePath(MetalsEnrichments.scala:787)
	at scala.meta.internal.metals.MetalsEnrichments$XtensionString.toAbsolutePath(MetalsEnrichments.scala:784)
	at scala.meta.internal.metals.WorkspaceLspService.didFocus(WorkspaceLspService.scala:808)
	at scala.meta.metals.lsp.DelegatingScalaService.didFocus(DelegatingScalaService.scala:42)
	at jdk.internal.reflect.GeneratedMethodAccessor13.invoke(Unknown Source)
	at java.base/jdk.internal.reflect.DelegatingMethodAccessorImpl.invoke(DelegatingMethodAccessorImpl.java:43)
	at java.base/java.lang.reflect.Method.invoke(Method.java:569)
	at org.eclipse.lsp4j.jsonrpc.services.GenericEndpoint.lambda$recursiveFindRpcMethods$0(GenericEndpoint.java:65)
	at org.eclipse.lsp4j.jsonrpc.services.GenericEndpoint.notify(GenericEndpoint.java:160)
	at org.eclipse.lsp4j.jsonrpc.RemoteEndpoint.handleNotification(RemoteEndpoint.java:225)
	at org.eclipse.lsp4j.jsonrpc.RemoteEndpoint.consume(RemoteEndpoint.java:192)
	at org.eclipse.lsp4j.jsonrpc.json.StreamMessageProducer.handleMessage(StreamMessageProducer.java:189)
	at org.eclipse.lsp4j.jsonrpc.json.StreamMessageProducer.listen(StreamMessageProducer.java:97)
	at org.eclipse.lsp4j.jsonrpc.json.ConcurrentMessageProcessor.run(ConcurrentMessageProcessor.java:97)
	at java.base/java.util.concurrent.Executors$RunnableAdapter.call(Executors.java:539)
	at java.base/java.util.concurrent.FutureTask.run(FutureTask.java:264)
	at java.base/java.util.concurrent.ThreadPoolExecutor.runWorker(ThreadPoolExecutor.java:1136)
	at java.base/java.util.concurrent.ThreadPoolExecutor$Worker.run(ThreadPoolExecutor.java:635)
	at java.base/java.lang.Thread.run(Thread.java:840)

Apr 30, 2026 11:59:59 AM org.eclipse.lsp4j.jsonrpc.RemoteEndpoint handleNotification
WARNING: Notification threw an exception: {
  "jsonrpc": "2.0",
  "method": "metals/didFocusTextDocument",
  "params": [
    "class:/Users/leonardocosta/Desktop/ISEP/2SEM/SISMD/Project1_SISMD/out/Filters.class"
  ]
}
java.nio.file.FileSystemNotFoundException: Provider "class" not installed
	at java.base/java.nio.file.Path.of(Path.java:212)
	at java.base/java.nio.file.Paths.get(Paths.java:98)
	at scala.meta.internal.mtags.MtagsEnrichments$XtensionURIMtags.toAbsolutePath(MtagsEnrichments.scala:149)
	at scala.meta.internal.mtags.MtagsEnrichments$XtensionStringMtags.toAbsolutePath(MtagsEnrichments.scala:209)
	at scala.meta.internal.metals.MetalsEnrichments$XtensionString.toAbsolutePath(MetalsEnrichments.scala:787)
	at scala.meta.internal.metals.MetalsEnrichments$XtensionString.toAbsolutePath(MetalsEnrichments.scala:784)
	at scala.meta.internal.metals.WorkspaceLspService.didFocus(WorkspaceLspService.scala:808)
	at scala.meta.metals.lsp.DelegatingScalaService.didFocus(DelegatingScalaService.scala:42)
	at jdk.internal.reflect.GeneratedMethodAccessor13.invoke(Unknown Source)
	at java.base/jdk.internal.reflect.DelegatingMethodAccessorImpl.invoke(DelegatingMethodAccessorImpl.java:43)
	at java.base/java.lang.reflect.Method.invoke(Method.java:569)
	at org.eclipse.lsp4j.jsonrpc.services.GenericEndpoint.lambda$recursiveFindRpcMethods$0(GenericEndpoint.java:65)
	at org.eclipse.lsp4j.jsonrpc.services.GenericEndpoint.notify(GenericEndpoint.java:160)
	at org.eclipse.lsp4j.jsonrpc.RemoteEndpoint.handleNotification(RemoteEndpoint.java:225)
	at org.eclipse.lsp4j.jsonrpc.RemoteEndpoint.consume(RemoteEndpoint.java:192)
	at org.eclipse.lsp4j.jsonrpc.json.StreamMessageProducer.handleMessage(StreamMessageProducer.java:189)
	at org.eclipse.lsp4j.jsonrpc.json.StreamMessageProducer.listen(StreamMessageProducer.java:97)
	at org.eclipse.lsp4j.jsonrpc.json.ConcurrentMessageProcessor.run(ConcurrentMessageProcessor.java:97)
	at java.base/java.util.concurrent.Executors$RunnableAdapter.call(Executors.java:539)
	at java.base/java.util.concurrent.FutureTask.run(FutureTask.java:264)
	at java.base/java.util.concurrent.ThreadPoolExecutor.runWorker(ThreadPoolExecutor.java:1136)
	at java.base/java.util.concurrent.ThreadPoolExecutor$Worker.run(ThreadPoolExecutor.java:635)
	at java.base/java.lang.Thread.run(Thread.java:840)

Apr 30, 2026 12:00:02 PM org.eclipse.lsp4j.jsonrpc.RemoteEndpoint handleNotification
WARNING: Notification threw an exception: {
  "jsonrpc": "2.0",
  "method": "metals/didFocusTextDocument",
  "params": [
    "class:/Users/leonardocosta/Desktop/ISEP/2SEM/SISMD/Project1_SISMD/out/Filters.class"
  ]
}
java.nio.file.FileSystemNotFoundException: Provider "class" not installed
	at java.base/java.nio.file.Path.of(Path.java:212)
	at java.base/java.nio.file.Paths.get(Paths.java:98)
	at scala.meta.internal.mtags.MtagsEnrichments$XtensionURIMtags.toAbsolutePath(MtagsEnrichments.scala:149)
	at scala.meta.internal.mtags.MtagsEnrichments$XtensionStringMtags.toAbsolutePath(MtagsEnrichments.scala:209)
	at scala.meta.internal.metals.MetalsEnrichments$XtensionString.toAbsolutePath(MetalsEnrichments.scala:787)
	at scala.meta.internal.metals.MetalsEnrichments$XtensionString.toAbsolutePath(MetalsEnrichments.scala:784)
	at scala.meta.internal.metals.WorkspaceLspService.didFocus(WorkspaceLspService.scala:808)
	at scala.meta.metals.lsp.DelegatingScalaService.didFocus(DelegatingScalaService.scala:42)
	at jdk.internal.reflect.GeneratedMethodAccessor13.invoke(Unknown Source)
	at java.base/jdk.internal.reflect.DelegatingMethodAccessorImpl.invoke(DelegatingMethodAccessorImpl.java:43)
	at java.base/java.lang.reflect.Method.invoke(Method.java:569)
	at org.eclipse.lsp4j.jsonrpc.services.GenericEndpoint.lambda$recursiveFindRpcMethods$0(GenericEndpoint.java:65)
	at org.eclipse.lsp4j.jsonrpc.services.GenericEndpoint.notify(GenericEndpoint.java:160)
	at org.eclipse.lsp4j.jsonrpc.RemoteEndpoint.handleNotification(RemoteEndpoint.java:225)
	at org.eclipse.lsp4j.jsonrpc.RemoteEndpoint.consume(RemoteEndpoint.java:192)
	at org.eclipse.lsp4j.jsonrpc.json.StreamMessageProducer.handleMessage(StreamMessageProducer.java:189)
	at org.eclipse.lsp4j.jsonrpc.json.StreamMessageProducer.listen(StreamMessageProducer.java:97)
	at org.eclipse.lsp4j.jsonrpc.json.ConcurrentMessageProcessor.run(ConcurrentMessageProcessor.java:97)
	at java.base/java.util.concurrent.Executors$RunnableAdapter.call(Executors.java:539)
	at java.base/java.util.concurrent.FutureTask.run(FutureTask.java:264)
	at java.base/java.util.concurrent.ThreadPoolExecutor.runWorker(ThreadPoolExecutor.java:1136)
	at java.base/java.util.concurrent.ThreadPoolExecutor$Worker.run(ThreadPoolExecutor.java:635)
	at java.base/java.lang.Thread.run(Thread.java:840)

Apr 30, 2026 12:00:02 PM org.eclipse.lsp4j.jsonrpc.RemoteEndpoint handleNotification
WARNING: Notification threw an exception: {
  "jsonrpc": "2.0",
  "method": "metals/didFocusTextDocument",
  "params": [
    "class:/Users/leonardocosta/Desktop/ISEP/2SEM/SISMD/Project1_SISMD/out/Utils.class"
  ]
}
java.nio.file.FileSystemNotFoundException: Provider "class" not installed
	at java.base/java.nio.file.Path.of(Path.java:212)
	at java.base/java.nio.file.Paths.get(Paths.java:98)
	at scala.meta.internal.mtags.MtagsEnrichments$XtensionURIMtags.toAbsolutePath(MtagsEnrichments.scala:149)
	at scala.meta.internal.mtags.MtagsEnrichments$XtensionStringMtags.toAbsolutePath(MtagsEnrichments.scala:209)
	at scala.meta.internal.metals.MetalsEnrichments$XtensionString.toAbsolutePath(MetalsEnrichments.scala:787)
	at scala.meta.internal.metals.MetalsEnrichments$XtensionString.toAbsolutePath(MetalsEnrichments.scala:784)
	at scala.meta.internal.metals.WorkspaceLspService.didFocus(WorkspaceLspService.scala:808)
	at scala.meta.metals.lsp.DelegatingScalaService.didFocus(DelegatingScalaService.scala:42)
	at jdk.internal.reflect.GeneratedMethodAccessor13.invoke(Unknown Source)
	at java.base/jdk.internal.reflect.DelegatingMethodAccessorImpl.invoke(DelegatingMethodAccessorImpl.java:43)
	at java.base/java.lang.reflect.Method.invoke(Method.java:569)
	at org.eclipse.lsp4j.jsonrpc.services.GenericEndpoint.lambda$recursiveFindRpcMethods$0(GenericEndpoint.java:65)
	at org.eclipse.lsp4j.jsonrpc.services.GenericEndpoint.notify(GenericEndpoint.java:160)
	at org.eclipse.lsp4j.jsonrpc.RemoteEndpoint.handleNotification(RemoteEndpoint.java:225)
	at org.eclipse.lsp4j.jsonrpc.RemoteEndpoint.consume(RemoteEndpoint.java:192)
	at org.eclipse.lsp4j.jsonrpc.json.StreamMessageProducer.handleMessage(StreamMessageProducer.java:189)
	at org.eclipse.lsp4j.jsonrpc.json.StreamMessageProducer.listen(StreamMessageProducer.java:97)
	at org.eclipse.lsp4j.jsonrpc.json.ConcurrentMessageProcessor.run(ConcurrentMessageProcessor.java:97)
	at java.base/java.util.concurrent.Executors$RunnableAdapter.call(Executors.java:539)
	at java.base/java.util.concurrent.FutureTask.run(FutureTask.java:264)
	at java.base/java.util.concurrent.ThreadPoolExecutor.runWorker(ThreadPoolExecutor.java:1136)
	at java.base/java.util.concurrent.ThreadPoolExecutor$Worker.run(ThreadPoolExecutor.java:635)
	at java.base/java.lang.Thread.run(Thread.java:840)

2026.04.30 12:00:13 INFO  no build target found for /Users/leonardocosta/Desktop/ISEP/2SEM/SISMD/Project1_SISMD/src/Utils.java. Using fallback presentation compiler.
2026.04.30 12:00:13 INFO  Created report: Optional[file:///Users/leonardocosta/Desktop/ISEP/2SEM/SISMD/Project1_SISMD/src/Utils.java]
2026.04.30 12:00:13 INFO  empty definition using pc, found symbol in pc: java/awt/Color# (full report at: "/Users/leonardocosta/Desktop/ISEP/2SEM/SISMD/Project1_SISMD/.metals/.reports/metals-full/2026-04-30/r_empty-definition_12-00-13-411.md")
2026.04.30 12:00:13 INFO  no build target found for /Users/leonardocosta/Desktop/ISEP/2SEM/SISMD/Project1_SISMD/src/ApplyFilters.java. Using fallback presentation compiler.
2026.04.30 12:00:13 INFO  Created report: Optional[file:///Users/leonardocosta/Desktop/ISEP/2SEM/SISMD/Project1_SISMD/src/ApplyFilters.java]
2026.04.30 12:00:13 INFO  empty definition using pc, found symbol in pc: _empty_/Filters#HistogramFilter# (full report at: "/Users/leonardocosta/Desktop/ISEP/2SEM/SISMD/Project1_SISMD/.metals/.reports/metals-full/2026-04-30/r_empty-definition_12-00-13-815.md")
2026.04.30 12:00:17 INFO  no build target found for /Users/leonardocosta/Desktop/ISEP/2SEM/SISMD/Project1_SISMD/src/ApplyFilters.java. Using fallback presentation compiler.
2026.04.30 12:00:17 INFO  empty definition using pc, found symbol in pc: _empty_/Filters#HistogramFilter# (full report at: "/Users/leonardocosta/Desktop/ISEP/2SEM/SISMD/Project1_SISMD/.metals/.reports/metals-full/2026-04-30/r_empty-definition_12-00-13-815.md")
2026.04.30 12:00:30 INFO  no build target found for /Users/leonardocosta/Desktop/ISEP/2SEM/SISMD/Project1_SISMD/src/ApplyFilters.java. Using fallback presentation compiler.
2026.04.30 12:00:30 INFO  empty definition using pc, found symbol in pc: _empty_/Filters#HistogramFilter# (full report at: "/Users/leonardocosta/Desktop/ISEP/2SEM/SISMD/Project1_SISMD/.metals/.reports/metals-full/2026-04-30/r_empty-definition_12-00-13-815.md")
2026.04.30 12:00:30 INFO  no build target found for /Users/leonardocosta/Desktop/ISEP/2SEM/SISMD/Project1_SISMD/src/ApplyFilters.java. Using fallback presentation compiler.
2026.04.30 12:00:30 INFO  empty definition using pc, found symbol in pc: _empty_/Filters#HistogramFilter# (full report at: "/Users/leonardocosta/Desktop/ISEP/2SEM/SISMD/Project1_SISMD/.metals/.reports/metals-full/2026-04-30/r_empty-definition_12-00-13-815.md")
2026.04.30 12:00:33 INFO  no build target found for /Users/leonardocosta/Desktop/ISEP/2SEM/SISMD/Project1_SISMD/src/ApplyFilters.java. Using fallback presentation compiler.
2026.04.30 12:00:33 INFO  empty definition using pc, found symbol in pc: _empty_/Filters#HistogramFilter# (full report at: "/Users/leonardocosta/Desktop/ISEP/2SEM/SISMD/Project1_SISMD/.metals/.reports/metals-full/2026-04-30/r_empty-definition_12-00-13-815.md")
2026.04.30 12:00:36 INFO  no build target found for /Users/leonardocosta/Desktop/ISEP/2SEM/SISMD/Project1_SISMD/src/ApplyFilters.java. Using fallback presentation compiler.
2026.04.30 12:00:36 INFO  no build target found for /Users/leonardocosta/Desktop/ISEP/2SEM/SISMD/Project1_SISMD/src/Utils.java. Using fallback presentation compiler.
2026.04.30 12:00:54 WARN  no build target for: /Users/leonardocosta/Desktop/ISEP/2SEM/SISMD/Project1_SISMD/src/ApplyFilters.java
2026.04.30 12:00:54 INFO  no build target found for /Users/leonardocosta/Desktop/ISEP/2SEM/SISMD/Project1_SISMD/src/ApplyFilters.java. Using fallback presentation compiler.
2026.04.30 12:00:54 INFO  no build target found for /Users/leonardocosta/Desktop/ISEP/2SEM/SISMD/Project1_SISMD/src/ApplyFilters.java. Using fallback presentation compiler.
2026.04.30 12:00:54 INFO  no build target found for /Users/leonardocosta/Desktop/ISEP/2SEM/SISMD/Project1_SISMD/src/ApplyFilters.java. Using fallback presentation compiler.
2026.04.30 12:00:56 WARN  no build target for: /Users/leonardocosta/Desktop/ISEP/2SEM/SISMD/Project1_SISMD/src/BenchmarkSequential.java
2026.04.30 12:00:56 INFO  no build target found for /Users/leonardocosta/Desktop/ISEP/2SEM/SISMD/Project1_SISMD/src/BenchmarkSequential.java. Using fallback presentation compiler.
2026.04.30 12:00:56 INFO  no build target found for /Users/leonardocosta/Desktop/ISEP/2SEM/SISMD/Project1_SISMD/src/BenchmarkSequential.java. Using fallback presentation compiler.
2026.04.30 12:00:56 INFO  no build target found for /Users/leonardocosta/Desktop/ISEP/2SEM/SISMD/Project1_SISMD/src/ApplyFilters.java. Using fallback presentation compiler.
2026.04.30 12:00:57 INFO  no build target found for /Users/leonardocosta/Desktop/ISEP/2SEM/SISMD/Project1_SISMD/src/ApplyFilters.java. Using fallback presentation compiler.
2026.04.30 12:01:20 WARN  no build target for: /Users/leonardocosta/Desktop/ISEP/2SEM/SISMD/Project1_SISMD/src/Filters.java
2026.04.30 12:01:20 INFO  no build target found for /Users/leonardocosta/Desktop/ISEP/2SEM/SISMD/Project1_SISMD/src/Filters.java. Using fallback presentation compiler.
2026.04.30 12:01:20 INFO  no build target found for /Users/leonardocosta/Desktop/ISEP/2SEM/SISMD/Project1_SISMD/src/Filters.java. Using fallback presentation compiler.
2026.04.30 12:01:20 INFO  no build target found for /Users/leonardocosta/Desktop/ISEP/2SEM/SISMD/Project1_SISMD/src/Filters.java. Using fallback presentation compiler.
2026.04.30 12:01:26 INFO  no build target found for /Users/leonardocosta/Desktop/ISEP/2SEM/SISMD/Project1_SISMD/src/ApplyFilters.java. Using fallback presentation compiler.
2026.04.30 12:01:26 WARN  no build target for: /Users/leonardocosta/Desktop/ISEP/2SEM/SISMD/Project1_SISMD/src/Utils.java
2026.04.30 12:01:26 INFO  no build target found for /Users/leonardocosta/Desktop/ISEP/2SEM/SISMD/Project1_SISMD/src/Utils.java. Using fallback presentation compiler.
2026.04.30 12:01:26 INFO  no build target found for /Users/leonardocosta/Desktop/ISEP/2SEM/SISMD/Project1_SISMD/src/Utils.java. Using fallback presentation compiler.
2026.04.30 12:01:26 INFO  no build target found for /Users/leonardocosta/Desktop/ISEP/2SEM/SISMD/Project1_SISMD/src/Utils.java. Using fallback presentation compiler.
2026.04.30 12:01:29 WARN  no build target for: /Users/leonardocosta/Desktop/ISEP/2SEM/SISMD/Project1_SISMD/src/Filters.java
2026.04.30 12:01:29 INFO  no build target found for /Users/leonardocosta/Desktop/ISEP/2SEM/SISMD/Project1_SISMD/src/Filters.java. Using fallback presentation compiler.
2026.04.30 12:01:36 INFO  no build target found for /Users/leonardocosta/Desktop/ISEP/2SEM/SISMD/Project1_SISMD/src/BenchmarkSequential.java. Using fallback presentation compiler.
2026.04.30 12:01:36 WARN  no build target for: /Users/leonardocosta/Desktop/ISEP/2SEM/SISMD/Project1_SISMD/src/BenchmarkSequential.java
2026.04.30 12:01:36 INFO  no build target found for /Users/leonardocosta/Desktop/ISEP/2SEM/SISMD/Project1_SISMD/src/BenchmarkSequential.java. Using fallback presentation compiler.
2026.04.30 12:01:40 INFO  no build target found for /Users/leonardocosta/Desktop/ISEP/2SEM/SISMD/Project1_SISMD/src/Utils.java. Using fallback presentation compiler.
2026.04.30 12:01:40 WARN  no build target for: /Users/leonardocosta/Desktop/ISEP/2SEM/SISMD/Project1_SISMD/src/ApplyFilters.java
2026.04.30 12:01:40 INFO  no build target found for /Users/leonardocosta/Desktop/ISEP/2SEM/SISMD/Project1_SISMD/src/ApplyFilters.java. Using fallback presentation compiler.
2026.04.30 12:01:40 INFO  no build target found for /Users/leonardocosta/Desktop/ISEP/2SEM/SISMD/Project1_SISMD/src/ApplyFilters.java. Using fallback presentation compiler.
2026.04.30 12:01:40 INFO  no build target found for /Users/leonardocosta/Desktop/ISEP/2SEM/SISMD/Project1_SISMD/src/ApplyFilters.java. Using fallback presentation compiler.
2026.04.30 12:01:42 INFO  no build target found for /Users/leonardocosta/Desktop/ISEP/2SEM/SISMD/Project1_SISMD/src/BenchmarkSequential.java. Using fallback presentation compiler.
2026.04.30 12:01:42 WARN  no build target for: /Users/leonardocosta/Desktop/ISEP/2SEM/SISMD/Project1_SISMD/src/BenchmarkSequential.java
2026.04.30 12:01:42 INFO  no build target found for /Users/leonardocosta/Desktop/ISEP/2SEM/SISMD/Project1_SISMD/src/BenchmarkSequential.java. Using fallback presentation compiler.
2026.04.30 12:01:58 INFO  no build target found for /Users/leonardocosta/Desktop/ISEP/2SEM/SISMD/Project1_SISMD/src/ApplyFilters.java. Using fallback presentation compiler.
2026.04.30 12:01:58 WARN  no build target for: /Users/leonardocosta/Desktop/ISEP/2SEM/SISMD/Project1_SISMD/src/ApplyFilters.java
2026.04.30 12:01:58 INFO  no build target found for /Users/leonardocosta/Desktop/ISEP/2SEM/SISMD/Project1_SISMD/src/ApplyFilters.java. Using fallback presentation compiler.
2026.04.30 12:01:58 INFO  no build target found for /Users/leonardocosta/Desktop/ISEP/2SEM/SISMD/Project1_SISMD/src/BenchmarkSequential.java. Using fallback presentation compiler.
2026.04.30 12:01:59 WARN  no build target for: /Users/leonardocosta/Desktop/ISEP/2SEM/SISMD/Project1_SISMD/src/BenchmarkSequential.java
2026.04.30 12:01:59 INFO  no build target found for /Users/leonardocosta/Desktop/ISEP/2SEM/SISMD/Project1_SISMD/src/BenchmarkSequential.java. Using fallback presentation compiler.
2026.04.30 12:02:56 INFO  no build target found for /Users/leonardocosta/Desktop/ISEP/2SEM/SISMD/Project1_SISMD/src/ApplyFilters.java. Using fallback presentation compiler.
2026.04.30 12:02:56 WARN  no build target for: /Users/leonardocosta/Desktop/ISEP/2SEM/SISMD/Project1_SISMD/src/ApplyFilters.java
2026.04.30 12:02:56 INFO  no build target found for /Users/leonardocosta/Desktop/ISEP/2SEM/SISMD/Project1_SISMD/src/ApplyFilters.java. Using fallback presentation compiler.
2026.04.30 12:02:56 INFO  no build target found for /Users/leonardocosta/Desktop/ISEP/2SEM/SISMD/Project1_SISMD/src/BenchmarkSequential.java. Using fallback presentation compiler.
2026.04.30 12:02:56 WARN  no build target for: /Users/leonardocosta/Desktop/ISEP/2SEM/SISMD/Project1_SISMD/src/BenchmarkSequential.java
2026.04.30 12:02:56 INFO  no build target found for /Users/leonardocosta/Desktop/ISEP/2SEM/SISMD/Project1_SISMD/src/BenchmarkSequential.java. Using fallback presentation compiler.
2026.04.30 12:03:12 WARN  no build target for: /Users/leonardocosta/Desktop/ISEP/2SEM/SISMD/Project1_SISMD/src/Filters.java
2026.04.30 12:03:12 INFO  no build target found for /Users/leonardocosta/Desktop/ISEP/2SEM/SISMD/Project1_SISMD/src/Filters.java. Using fallback presentation compiler.
2026.04.30 12:03:19 INFO  no build target found for /Users/leonardocosta/Desktop/ISEP/2SEM/SISMD/Project1_SISMD/src/ApplyFilters.java. Using fallback presentation compiler.
2026.04.30 12:03:19 WARN  no build target for: /Users/leonardocosta/Desktop/ISEP/2SEM/SISMD/Project1_SISMD/src/Utils.java
2026.04.30 12:03:19 INFO  no build target found for /Users/leonardocosta/Desktop/ISEP/2SEM/SISMD/Project1_SISMD/src/Utils.java. Using fallback presentation compiler.
2026.04.30 12:03:19 INFO  no build target found for /Users/leonardocosta/Desktop/ISEP/2SEM/SISMD/Project1_SISMD/src/Utils.java. Using fallback presentation compiler.
2026.04.30 12:03:19 INFO  no build target found for /Users/leonardocosta/Desktop/ISEP/2SEM/SISMD/Project1_SISMD/src/Utils.java. Using fallback presentation compiler.
2026.04.30 12:03:20 INFO  no build target found for /Users/leonardocosta/Desktop/ISEP/2SEM/SISMD/Project1_SISMD/src/Utils.java. Using fallback presentation compiler.
2026.04.30 12:03:20 WARN  no build target for: /Users/leonardocosta/Desktop/ISEP/2SEM/SISMD/Project1_SISMD/src/ApplyFilters.java
2026.04.30 12:03:20 INFO  no build target found for /Users/leonardocosta/Desktop/ISEP/2SEM/SISMD/Project1_SISMD/src/ApplyFilters.java. Using fallback presentation compiler.
2026.04.30 12:03:20 INFO  no build target found for /Users/leonardocosta/Desktop/ISEP/2SEM/SISMD/Project1_SISMD/src/ApplyFilters.java. Using fallback presentation compiler.
2026.04.30 12:03:20 INFO  no build target found for /Users/leonardocosta/Desktop/ISEP/2SEM/SISMD/Project1_SISMD/src/ApplyFilters.java. Using fallback presentation compiler.
2026.04.30 12:03:26 INFO  no build target found for /Users/leonardocosta/Desktop/ISEP/2SEM/SISMD/Project1_SISMD/src/ApplyFilters.java. Using fallback presentation compiler.
2026.04.30 12:03:28 INFO  no build target found for /Users/leonardocosta/Desktop/ISEP/2SEM/SISMD/Project1_SISMD/src/ApplyFilters.java. Using fallback presentation compiler.
2026.04.30 12:03:30 INFO  no build target found for /Users/leonardocosta/Desktop/ISEP/2SEM/SISMD/Project1_SISMD/src/BenchmarkSequential.java. Using fallback presentation compiler.
2026.04.30 12:03:30 WARN  no build target for: /Users/leonardocosta/Desktop/ISEP/2SEM/SISMD/Project1_SISMD/src/BenchmarkSequential.java
2026.04.30 12:03:30 INFO  no build target found for /Users/leonardocosta/Desktop/ISEP/2SEM/SISMD/Project1_SISMD/src/BenchmarkSequential.java. Using fallback presentation compiler.
2026.04.30 12:03:32 INFO  no build target found for /Users/leonardocosta/Desktop/ISEP/2SEM/SISMD/Project1_SISMD/src/ApplyFilters.java. Using fallback presentation compiler.
2026.04.30 12:03:32 WARN  no build target for: /Users/leonardocosta/Desktop/ISEP/2SEM/SISMD/Project1_SISMD/src/ApplyFilters.java
2026.04.30 12:03:32 INFO  no build target found for /Users/leonardocosta/Desktop/ISEP/2SEM/SISMD/Project1_SISMD/src/ApplyFilters.java. Using fallback presentation compiler.
2026.04.30 12:06:29 INFO  no build target found for /Users/leonardocosta/Desktop/ISEP/2SEM/SISMD/Project1_SISMD/src/ApplyFilters.java. Using fallback presentation compiler.
2026.04.30 12:06:29 INFO  no build target found for /Users/leonardocosta/Desktop/ISEP/2SEM/SISMD/Project1_SISMD/src/ApplyFilters.java. Using fallback presentation compiler.
2026.04.30 12:06:29 WARN  no build target for: /Users/leonardocosta/Desktop/ISEP/2SEM/SISMD/Project1_SISMD/src/ApplyFilters.java
2026.04.30 12:06:29 INFO  no build target found for /Users/leonardocosta/Desktop/ISEP/2SEM/SISMD/Project1_SISMD/src/ApplyFilters.java. Using fallback presentation compiler.
2026.04.30 12:06:33 INFO  no build target found for /Users/leonardocosta/Desktop/ISEP/2SEM/SISMD/Project1_SISMD/src/ApplyFilters.java. Using fallback presentation compiler.
2026.04.30 12:06:33 INFO  no build target found for /Users/leonardocosta/Desktop/ISEP/2SEM/SISMD/Project1_SISMD/src/ApplyFilters.java. Using fallback presentation compiler.
2026.04.30 12:06:34 INFO  no build target found for /Users/leonardocosta/Desktop/ISEP/2SEM/SISMD/Project1_SISMD/src/ApplyFilters.java. Using fallback presentation compiler.
2026.04.30 12:06:41 INFO  no build target found for /Users/leonardocosta/Desktop/ISEP/2SEM/SISMD/Project1_SISMD/src/ApplyFilters.java. Using fallback presentation compiler.
2026.04.30 12:06:45 INFO  no build target found for /Users/leonardocosta/Desktop/ISEP/2SEM/SISMD/Project1_SISMD/src/ApplyFilters.java. Using fallback presentation compiler.
2026.04.30 12:06:47 INFO  no build target found for /Users/leonardocosta/Desktop/ISEP/2SEM/SISMD/Project1_SISMD/src/ApplyFilters.java. Using fallback presentation compiler.
2026.04.30 12:06:47 WARN  no build target for: /Users/leonardocosta/Desktop/ISEP/2SEM/SISMD/Project1_SISMD/src/BenchmarkSequential.java
2026.04.30 12:06:47 INFO  no build target found for /Users/leonardocosta/Desktop/ISEP/2SEM/SISMD/Project1_SISMD/src/BenchmarkSequential.java. Using fallback presentation compiler.
2026.04.30 12:06:47 INFO  no build target found for /Users/leonardocosta/Desktop/ISEP/2SEM/SISMD/Project1_SISMD/src/BenchmarkSequential.java. Using fallback presentation compiler.
2026.04.30 12:07:14 INFO  no build target found for /Users/leonardocosta/Desktop/ISEP/2SEM/SISMD/Project1_SISMD/src/ApplyFilters.java. Using fallback presentation compiler.
2026.04.30 12:07:15 WARN  no build target for: /Users/leonardocosta/Desktop/ISEP/2SEM/SISMD/Project1_SISMD/src/Utils.java
2026.04.30 12:07:15 INFO  no build target found for /Users/leonardocosta/Desktop/ISEP/2SEM/SISMD/Project1_SISMD/src/Utils.java. Using fallback presentation compiler.
2026.04.30 12:07:15 INFO  no build target found for /Users/leonardocosta/Desktop/ISEP/2SEM/SISMD/Project1_SISMD/src/BenchmarkSequential.java. Using fallback presentation compiler.
2026.04.30 12:07:15 INFO  empty definition using pc, found symbol in pc: java/awt/Color# (full report at: "/Users/leonardocosta/Desktop/ISEP/2SEM/SISMD/Project1_SISMD/.metals/.reports/metals-full/2026-04-30/r_empty-definition_12-00-13-411.md")
2026.04.30 12:07:15 INFO  no build target found for /Users/leonardocosta/Desktop/ISEP/2SEM/SISMD/Project1_SISMD/src/Utils.java. Using fallback presentation compiler.
2026.04.30 12:07:15 INFO  no build target found for /Users/leonardocosta/Desktop/ISEP/2SEM/SISMD/Project1_SISMD/src/ApplyFilters.java. Using fallback presentation compiler.
2026.04.30 12:07:15 INFO  empty definition using pc, found symbol in pc: _empty_/Filters#HistogramFilter# (full report at: "/Users/leonardocosta/Desktop/ISEP/2SEM/SISMD/Project1_SISMD/.metals/.reports/metals-full/2026-04-30/r_empty-definition_12-00-13-815.md")
2026.04.30 12:07:21 INFO  no build target found for /Users/leonardocosta/Desktop/ISEP/2SEM/SISMD/Project1_SISMD/src/ApplyFilters.java. Using fallback presentation compiler.
2026.04.30 12:07:40 INFO  no build target found for /Users/leonardocosta/Desktop/ISEP/2SEM/SISMD/Project1_SISMD/src/BenchmarkSequential.java. Using fallback presentation compiler.
2026.04.30 12:10:01 INFO  no build target found for /Users/leonardocosta/Desktop/ISEP/2SEM/SISMD/Project1_SISMD/src/BenchmarkSequential.java. Using fallback presentation compiler.
2026.04.30 12:29:39 INFO  no build target found for /Users/leonardocosta/Desktop/ISEP/2SEM/SISMD/Project1_SISMD/src/BenchmarkSequential.java. Using fallback presentation compiler.
2026.04.30 12:29:41 INFO  no build target found for /Users/leonardocosta/Desktop/ISEP/2SEM/SISMD/Project1_SISMD/src/BenchmarkSequential.java. Using fallback presentation compiler.
2026.04.30 12:29:41 INFO  no build target found for /Users/leonardocosta/Desktop/ISEP/2SEM/SISMD/Project1_SISMD/src/BenchmarkSequential.java. Using fallback presentation compiler.
2026.04.30 12:29:43 INFO  no build target found for /Users/leonardocosta/Desktop/ISEP/2SEM/SISMD/Project1_SISMD/src/BenchmarkSequential.java. Using fallback presentation compiler.
2026.04.30 12:29:46 INFO  no build target found for /Users/leonardocosta/Desktop/ISEP/2SEM/SISMD/Project1_SISMD/src/BenchmarkSequential.java. Using fallback presentation compiler.
2026.04.30 12:29:46 INFO  no build target found for /Users/leonardocosta/Desktop/ISEP/2SEM/SISMD/Project1_SISMD/src/BenchmarkSequential.java. Using fallback presentation compiler.
2026.04.30 12:29:47 INFO  no build target found for /Users/leonardocosta/Desktop/ISEP/2SEM/SISMD/Project1_SISMD/src/BenchmarkSequential.java. Using fallback presentation compiler.
2026.04.30 12:29:54 INFO  no build target found for /Users/leonardocosta/Desktop/ISEP/2SEM/SISMD/Project1_SISMD/src/BenchmarkSequential.java. Using fallback presentation compiler.
2026.04.30 12:29:54 INFO  no build target found for /Users/leonardocosta/Desktop/ISEP/2SEM/SISMD/Project1_SISMD/src/BenchmarkSequential.java. Using fallback presentation compiler.
2026.04.30 12:32:51 INFO  no build target found for /Users/leonardocosta/Desktop/ISEP/2SEM/SISMD/Project1_SISMD/src/BenchmarkSequential.java. Using fallback presentation compiler.
2026.04.30 12:32:51 WARN  no build target for: /Users/leonardocosta/Desktop/ISEP/2SEM/SISMD/Project1_SISMD/src/BenchmarkSequential.java
2026.04.30 12:32:51 INFO  no build target found for /Users/leonardocosta/Desktop/ISEP/2SEM/SISMD/Project1_SISMD/src/BenchmarkSequential.java. Using fallback presentation compiler.
2026.04.30 12:32:51 INFO  no build target found for /Users/leonardocosta/Desktop/ISEP/2SEM/SISMD/Project1_SISMD/src/BenchmarkSequential.java. Using fallback presentation compiler.
2026.04.30 12:32:52 WARN  no build target for: /Users/leonardocosta/Desktop/ISEP/2SEM/SISMD/Project1_SISMD/src/ApplyFilters.java
2026.04.30 12:32:52 INFO  no build target found for /Users/leonardocosta/Desktop/ISEP/2SEM/SISMD/Project1_SISMD/src/ApplyFilters.java. Using fallback presentation compiler.
2026.04.30 12:32:52 INFO  no build target found for /Users/leonardocosta/Desktop/ISEP/2SEM/SISMD/Project1_SISMD/src/ApplyFilters.java. Using fallback presentation compiler.
2026.04.30 12:32:52 INFO  no build target found for /Users/leonardocosta/Desktop/ISEP/2SEM/SISMD/Project1_SISMD/src/ApplyFilters.java. Using fallback presentation compiler.
2026.04.30 12:32:53 INFO  no build target found for /Users/leonardocosta/Desktop/ISEP/2SEM/SISMD/Project1_SISMD/src/ApplyFilters.java. Using fallback presentation compiler.
2026.04.30 12:32:56 INFO  no build target found for /Users/leonardocosta/Desktop/ISEP/2SEM/SISMD/Project1_SISMD/src/ApplyFilters.java. Using fallback presentation compiler.
2026.04.30 12:32:58 INFO  no build target found for /Users/leonardocosta/Desktop/ISEP/2SEM/SISMD/Project1_SISMD/src/ApplyFilters.java. Using fallback presentation compiler.
2026.04.30 12:33:00 INFO  no build target found for /Users/leonardocosta/Desktop/ISEP/2SEM/SISMD/Project1_SISMD/src/ApplyFilters.java. Using fallback presentation compiler.
2026.04.30 12:33:01 INFO  no build target found for /Users/leonardocosta/Desktop/ISEP/2SEM/SISMD/Project1_SISMD/src/ApplyFilters.java. Using fallback presentation compiler.
2026.04.30 12:34:01 INFO  no build target found for /Users/leonardocosta/Desktop/ISEP/2SEM/SISMD/Project1_SISMD/src/ApplyFilters.java. Using fallback presentation compiler.
2026.04.30 13:06:54 INFO  no build target found for /Users/leonardocosta/Desktop/ISEP/2SEM/SISMD/Project1_SISMD/src/ApplyFilters.java. Using fallback presentation compiler.
2026.04.30 13:06:54 INFO  no build target found for /Users/leonardocosta/Desktop/ISEP/2SEM/SISMD/Project1_SISMD/src/ApplyFilters.java. Using fallback presentation compiler.
2026.04.30 13:06:55 INFO  no build target found for /Users/leonardocosta/Desktop/ISEP/2SEM/SISMD/Project1_SISMD/src/ApplyFilters.java. Using fallback presentation compiler.
2026.04.30 16:22:42 INFO  no build target found for /Users/leonardocosta/Desktop/ISEP/2SEM/SISMD/Project1_SISMD/src/ApplyFilters.java. Using fallback presentation compiler.
2026.04.30 16:22:42 INFO  no build target found for /Users/leonardocosta/Desktop/ISEP/2SEM/SISMD/Project1_SISMD/src/ApplyFilters.java. Using fallback presentation compiler.
2026.04.30 16:22:43 WARN  no build target for: /Users/leonardocosta/Desktop/ISEP/2SEM/SISMD/Project1_SISMD/src/BenchmarkSequential.java
2026.04.30 16:22:43 INFO  no build target found for /Users/leonardocosta/Desktop/ISEP/2SEM/SISMD/Project1_SISMD/src/BenchmarkSequential.java. Using fallback presentation compiler.
2026.04.30 16:22:43 INFO  no build target found for /Users/leonardocosta/Desktop/ISEP/2SEM/SISMD/Project1_SISMD/src/BenchmarkSequential.java. Using fallback presentation compiler.
2026.04.30 16:22:43 INFO  no build target found for /Users/leonardocosta/Desktop/ISEP/2SEM/SISMD/Project1_SISMD/src/BenchmarkSequential.java. Using fallback presentation compiler.
2026.04.30 16:22:53 INFO  no build target found for /Users/leonardocosta/Desktop/ISEP/2SEM/SISMD/Project1_SISMD/src/BenchmarkSequential.java. Using fallback presentation compiler.
2026.04.30 16:22:53 INFO  no build target found for /Users/leonardocosta/Desktop/ISEP/2SEM/SISMD/Project1_SISMD/src/BenchmarkSequential.java. Using fallback presentation compiler.
2026.04.30 16:22:56 INFO  no build target found for /Users/leonardocosta/Desktop/ISEP/2SEM/SISMD/Project1_SISMD/src/BenchmarkSequential.java. Using fallback presentation compiler.
2026.04.30 16:22:59 INFO  no build target found for /Users/leonardocosta/Desktop/ISEP/2SEM/SISMD/Project1_SISMD/src/BenchmarkSequential.java. Using fallback presentation compiler.
2026.04.30 16:23:02 INFO  no build target found for /Users/leonardocosta/Desktop/ISEP/2SEM/SISMD/Project1_SISMD/src/BenchmarkSequential.java. Using fallback presentation compiler.
2026.04.30 16:23:08 WARN  no build target for: /Users/leonardocosta/Desktop/ISEP/2SEM/SISMD/Project1_SISMD/src/ApplyFilters.java
2026.04.30 16:23:08 INFO  no build target found for /Users/leonardocosta/Desktop/ISEP/2SEM/SISMD/Project1_SISMD/src/ApplyFilters.java. Using fallback presentation compiler.
2026.04.30 16:23:08 INFO  no build target found for /Users/leonardocosta/Desktop/ISEP/2SEM/SISMD/Project1_SISMD/src/ApplyFilters.java. Using fallback presentation compiler.
2026.04.30 16:23:08 INFO  no build target found for /Users/leonardocosta/Desktop/ISEP/2SEM/SISMD/Project1_SISMD/src/ApplyFilters.java. Using fallback presentation compiler.
2026.04.30 16:23:10 INFO  no build target found for /Users/leonardocosta/Desktop/ISEP/2SEM/SISMD/Project1_SISMD/src/ApplyFilters.java. Using fallback presentation compiler.
